Replacing template arg round 1
Got Type Def: _0B8D1429C3827E0DB460E98487EB6908
Got Type Def: _0C0D8E877CDAA32B9F529E7264818D98
Got Type Def: _0CDD13AED9949118DD70163834A3A235
Got Type Def: _1CF8D236196540158D67A26DAC991F28
Got Type Def: _239F13ABFE0DEB25C9BEF2C1826A55A5
Got Type Def: _271E49C86C8EFA0B647D87A58CF03284
Got Type Def: _2AE221845231FFCECC219BE7F7049133
Got Type Def: _6D7329FAD13C403F17A910B84CCFB7BF
Got Type Def: _7007A5D07675D2D320A62125AF136FB2
Got Type Def: _72295A7541EC936D47FC3642EE72298B
Got Type Def: _798F2A0931AE69495F6CF5BE64E576B5
Got Type Def: _798F2A0931AE69495F6CF5BE64E576B5___C07814F2AB249BB45CDFEF44975072DA
Got Type Def: _8E0937B200DCBA03D39E01164C2A4D0D
Got Type Def: _AD8E08CFADC045292413D8E747DD5ED4
Got Type Def: _BA519187DB4FB038EDB1959BB4D2DF27
Got Type Def: _D7F48ACA8F7E5F151D30CF090E11B572
Got Type Def: _D91DE99308EDB4B15B954CC4B13FA8FA
Got Type Def: _E6A349E6C594207448DC3F8A57F3A91C
Got Type Def: _EBF8251B43E7412EBBCF0A9FFEA6D7A7
Got Type Def: EXCEPTION_DISPOSITION
Got Type Def: FILE
Got Type Def: MACRO_BLOCK
Got Type Def: MACRO_BUFSIZ
Got Type Def: MACRO_CHAR
Got Type Def: MACRO_CHAR_MIN
Got Type Def: MACRO_CLK
Got Type Def: MACRO_CLOCKS
Got Type Def: MACRO_CW
Got Type Def: MACRO_DBL
Got Type Def: MACRO_DBL_RADIX
Got Type Def: MACRO_DOMAIN
Got Type Def: MACRO_EM
Got Type Def: MACRO_EM_INVALID
Got Type Def: MACRO_EOF
Got Type Def: MACRO_ERRNO
Got Type Def: MACRO_EXCEPTION
Got Type Def: MACRO_EXIT
Got Type Def: MACRO_FILENAME
Got Type Def: MACRO_FLT
Got Type Def: MACRO_FPE
Got Type Def: MACRO_IC
Got Type Def: MACRO_INT
Got Type Def: MACRO_INTMAX
Got Type Def: MACRO_INTPTR
Got Type Def: MACRO_INT_FAST16
Got Type Def: MACRO_INT_MIN
Got Type Def: MACRO_LC
Got Type Def: MACRO_LDBL
Got Type Def: MACRO_LDBL_RADIX
Got Type Def: MACRO_LK
Got Type Def: MACRO_LLONG
Got Type Def: MACRO_LONG
Got Type Def: MACRO_MAX
Got Type Def: MACRO_MB
Got Type Def: MACRO_MCW
Got Type Def: MACRO_MCW_IC
Got Type Def: MACRO_MCW_PC
Got Type Def: MACRO_MCW_RC
Got Type Def: MACRO_MIN
Got Type Def: MACRO_NSIG
Got Type Def: MACRO_NULL
Got Type Def: MACRO_O
Got Type Def: MACRO_OLD
Got Type Def: MACRO_OVERFLOW
Got Type Def: MACRO_P
Got Type Def: MACRO_PC
Got Type Def: MACRO_PER_THREAD_LOCALE
Got Type Def: MACRO_PER_THREAD_LOCALE_GLOBAL
Got Type Def: MACRO_PER_THREAD_LOCALE_NEW
Got Type Def: MACRO_PLOSS
Got Type Def: MACRO_PTRDIFF
Got Type Def: MACRO_P_NOWAITO
Got Type Def: MACRO_RAND
Got Type Def: MACRO_RC
Got Type Def: MACRO_S
Got Type Def: MACRO_SCHAR
Got Type Def: MACRO_SEEK
Got Type Def: MACRO_SH
Got Type Def: MACRO_SHRT
Got Type Def: MACRO_SIG
Got Type Def: MACRO_SIGNAL
Got Type Def: MACRO_SIZE
Got Type Def: MACRO_SW
Got Type Def: MACRO_SYS
Got Type Def: MACRO_TLOSS
Got Type Def: MACRO_TMP
Got Type Def: MACRO_UCHAR
Got Type Def: MACRO_UINT
Got Type Def: MACRO_UINTMAX
Got Type Def: MACRO_UINTPTR
Got Type Def: MACRO_UINT_FAST16
Got Type Def: MACRO_UINT_MAX
Got Type Def: MACRO_ULLONG
Got Type Def: MACRO_ULONG
Got Type Def: MACRO_USHRT
Got Type Def: MACRO_WAIT
Got Type Def: MACRO_WCHAR
Got Type Def: MACRO_WEOF
Got Type Def: MACRO_WINT
Got Type Def: MACRO__A
Got Type Def: MACRO__ALLOCA
Got Type Def: MACRO__ALPHA
Got Type Def: MACRO__ARGMAX
Got Type Def: MACRO__ARM
Got Type Def: MACRO__ATOMIC
Got Type Def: MACRO__C2
Got Type Def: MACRO__CALL
Got Type Def: MACRO__CMP
Got Type Def: MACRO__CN
Got Type Def: MACRO__COMPILER
Got Type Def: MACRO__CPPLIB
Got Type Def: MACRO__CRT
Got Type Def: MACRO__CRTDBG
Got Type Def: MACRO__CRTDBG_ALLOC
Got Type Def: MACRO__CRTWRN
Got Type Def: MACRO__CRT_BUILD
Got Type Def: MACRO__CRT_RPTHOOK
Got Type Def: MACRO__CRT_WARN
Got Type Def: MACRO__CVTBUFSIZE
Got Type Def: MACRO__CW
Got Type Def: MACRO__DBL
Got Type Def: MACRO__DENORM
Got Type Def: MACRO__DI
Got Type Def: MACRO__DN
Got Type Def: MACRO__DOMAIN
Got Type Def: MACRO__EM
Got Type Def: MACRO__EM_INEXACT
Got Type Def: MACRO__FE
Got Type Def: MACRO__FINITE
Got Type Def: MACRO__FPCLASS
Got Type Def: MACRO__FPE
Got Type Def: MACRO__FREEENTRY
Got Type Def: MACRO__GENERIC
Got Type Def: MACRO__GLOBAL
Got Type Def: MACRO__GLOBAL_USING
Got Type Def: MACRO__HAS
Got Type Def: MACRO__HAS_CHAR16
Got Type Def: MACRO__HAS_EXCEPTIONS
Got Type Def: MACRO__HAS_ITERATOR
Got Type Def: MACRO__HEAP
Got Type Def: MACRO__HEAPBADBEGIN
Got Type Def: MACRO__HEAPBADNODE
Got Type Def: MACRO__HEAPBADPTR
Got Type Def: MACRO__HEAPEMPTY
Got Type Def: MACRO__HEAPEND
Got Type Def: MACRO__HEAPOK
Got Type Def: MACRO__HOOK
Got Type Def: MACRO__I32
Got Type Def: MACRO__I64
Got Type Def: MACRO__IC
Got Type Def: MACRO__INFCODE
Got Type Def: MACRO__IOB
Got Type Def: MACRO__IOFBF
Got Type Def: MACRO__IONBF
Got Type Def: MACRO__IOREAD
Got Type Def: MACRO__IOSTREAM
Got Type Def: MACRO__ITERATOR
Got Type Def: MACRO__JBLEN
Got Type Def: MACRO__KANJI
Got Type Def: MACRO__LK
Got Type Def: MACRO__LLONG
Got Type Def: MACRO__LO
Got Type Def: MACRO__LOCK
Got Type Def: MACRO__M
Got Type Def: MACRO__MAX
Got Type Def: MACRO__MAX_BLOCKS
Got Type Def: MACRO__MAX_ENV
Got Type Def: MACRO__MAX_EXP
Got Type Def: MACRO__MAX_LOCK
Got Type Def: MACRO__MAX_WAIT
Got Type Def: MACRO__MB
Got Type Def: MACRO__MBC
Got Type Def: MACRO__MCW
Got Type Def: MACRO__MCW_DN
Got Type Def: MACRO__MCW_IC
Got Type Def: MACRO__MCW_PC
Got Type Def: MACRO__MCW_RC
Got Type Def: MACRO__MM
Got Type Def: MACRO__MM_DENORMALS
Got Type Def: MACRO__MM_PCOMCTRL
Got Type Def: MACRO__MS
Got Type Def: MACRO__MS_32
Got Type Def: MACRO__MULTI
Got Type Def: MACRO__NCAT
Got Type Def: MACRO__NLSCMPERROR
Got Type Def: MACRO__NO
Got Type Def: MACRO__NSTREAM
Got Type Def: MACRO__O
Got Type Def: MACRO__OLD
Got Type Def: MACRO__OUT
Got Type Def: MACRO__OVERFLOW
Got Type Def: MACRO__P
Got Type Def: MACRO__PC
Got Type Def: MACRO__PLOSS
Got Type Def: MACRO__P_NOWAITO
Got Type Def: MACRO__RC
Got Type Def: MACRO__REPORT
Got Type Def: MACRO__RTC
Got Type Def: MACRO__S
Got Type Def: MACRO__SAL
Got Type Def: MACRO__SECURE
Got Type Def: MACRO__SECURECRT
Got Type Def: MACRO__SECURE_SCL
Got Type Def: MACRO__SH
Got Type Def: MACRO__SIDD
Got Type Def: MACRO__SW
Got Type Def: MACRO__SW_UNEMULATED
Got Type Def: MACRO__SYS
Got Type Def: MACRO__TEOF
Got Type Def: MACRO__TLOSS
Got Type Def: MACRO__TMP
Got Type Def: MACRO__TRUNCATE
Got Type Def: MACRO__TWO
Got Type Def: MACRO__UI32
Got Type Def: MACRO__UI64
Got Type Def: MACRO__UP
Got Type Def: MACRO__UPPER
Got Type Def: MACRO__USE
Got Type Def: MACRO__VC
Got Type Def: MACRO__WAIT
Got Type Def: MACRO__WCHAR
Got Type Def: MACRO__WIN32
Got Type Def: MACRO__WRITE
Got Type Def: MACRO__X
Got Type Def: MACRO__XABORT
Got Type Def: MACRO__XB
Got Type Def: MACRO__XBEGIN
Got Type Def: MACRO__XCR
Got Type Def: MACRO__XS
Got Type Def: MACRO___GOT
Got Type Def: MACRO___STDC
Got Type Def: MACRO___STDC_WANT
Got Type Def: POGOAUTOSWEEPPROCA
Got Type Def: POGOAUTOSWEEPPROCW
Got Type Def: TCHAR
Got Type Def: _Atomic_counter_t
Got Type Def: _Atomic_flag_t
Got Type Def: _Atomic_integral_t
Got Type Def: _BCD80
Got Type Def: _CONTEXT
Got Type Def: _CRT_ALLOC_HOOK
Got Type Def: _CRT_DOUBLE
Got Type Def: _CRT_DUMP_CLIENT
Got Type Def: _CRT_FLOAT
Got Type Def: _CRT_REPORT_HOOK
Got Type Def: _CRT_REPORT_HOOKW
Got Type Def: _Collvec
Got Type Def: _CrtMemBlockHeader
Got Type Def: _CrtMemState
Got Type Def: _Ctypevec
Got Type Def: _Cvtvec
Got Type Def: _Dconst
Got Type Def: _EXCEPTION_DISPOSITION
Got Type Def: _EXCEPTION_POINTERS
Got Type Def: _EXCEPTION_RECORD
Got Type Def: _FP128
Got Type Def: _FP32
Got Type Def: _FP64
Got Type Def: _FP80
Got Type Def: _FPIEEE_COMPARE_RESULT
Got Type Def: _FPIEEE_EXCEPTION_FLAGS
Got Type Def: _FPIEEE_FORMAT
Got Type Def: _FPIEEE_PRECISION
Got Type Def: _FPIEEE_RECORD
Got Type Def: _FPIEEE_ROUNDING_MODE
Got Type Def: _FPIEEE_VALUE
Got Type Def: _FPQ64
Got Type Def: _FP_OPERATION_CODE
Got Type Def: _HEAPINFO
Got Type Def: _HFILE
Got Type Def: _I16
Got Type Def: _I32
Got Type Def: _I64
Got Type Def: _JUMP_BUFFER
Got Type Def: _LDBL12
Got Type Def: _LDOUBLE
Got Type Def: _LONGDOUBLE
Got Type Def: _Longlong
Got Type Def: _Mbstatet
Got Type Def: _PFPIEEE_RECORD
Got Type Def: _Q64
Got Type Def: _RTC_ALLOCA_NODE
Got Type Def: _RTC_ErrorNumber
Got Type Def: _RTC_error_fn
Got Type Def: _RTC_error_fnW
Got Type Def: _RTC_framedesc
Got Type Def: _RTC_vardesc[
  '/home/misty/.nvm/versions/node/v16.15.0/bin/node',
  '/mnt/d/Workspaces/UtilWorkspace/Reverse/IDAPlugins/idatil2c/regexHelper.js',
  '/tmp/tmphsmf3fu_/typDef.json',
  '/tmp/tmphsmf3fu_/regexRet.json'
]
Calculating dependency for _0B8D1429C3827E0DB460E98487EB6908
Calculating dependency for _0C0D8E877CDAA32B9F529E7264818D98
Calculating dependency for _0CDD13AED9949118DD70163834A3A235
Calculating dependency for _1CF8D236196540158D67A26DAC991F28
Calculating dependency for _239F13ABFE0DEB25C9BEF2C1826A55A5
Calculating dependency for _271E49C86C8EFA0B647D87A58CF03284
Calculating dependency for _2AE221845231FFCECC219BE7F7049133
Calculating dependency for _6D7329FAD13C403F17A910B84CCFB7BF
Calculating dependency for _7007A5D07675D2D320A62125AF136FB2
Calculating dependency for _72295A7541EC936D47FC3642EE72298B
Calculating dependency for _798F2A0931AE69495F6CF5BE64E576B5
Calculating dependency for _798F2A0931AE69495F6CF5BE64E576B5___C07814F2AB249BB45CDFEF44975072DA
Calculating dependency for _8E0937B200DCBA03D39E01164C2A4D0D
Calculating dependency for _AD8E08CFADC045292413D8E747DD5ED4
Calculating dependency for _BA519187DB4FB038EDB1959BB4D2DF27
Calculating dependency for _D7F48ACA8F7E5F151D30CF090E11B572
Calculating dependency for _D91DE99308EDB4B15B954CC4B13FA8FA
Calculating dependency for _E6A349E6C594207448DC3F8A57F3A91C
Calculating dependency for _EBF8251B43E7412EBBCF0A9FFEA6D7A7
Calculating dependency for EXCEPTION_DISPOSITION
Calculating dependency for FILE
Calculating dependency for MACRO_BLOCK
Calculating dependency for MACRO_BUFSIZ
Calculating dependency for MACRO_CHAR
Calculating dependency for MACRO_CHAR_MIN
Calculating dependency for MACRO_CLK
Calculating dependency for MACRO_CLOCKS
Calculating dependency for MACRO_CW
Calculating dependency for MACRO_DBL
Calculating dependency for MACRO_DBL_RADIX
Calculating dependency for MACRO_DOMAIN
Calculating dependency for MACRO_EM
Calculating dependency for MACRO_EM_INVALID
Calculating dependency for MACRO_EOF
Calculating dependency for MACRO_ERRNO
Calculating dependency for MACRO_EXCEPTION
Calculating dependency for MACRO_EXIT
Calculating dependency for MACRO_FILENAME
Calculating dependency for MACRO_FLT
Calculating dependency for MACRO_FPE
Calculating dependency for MACRO_IC
Calculating dependency for MACRO_INT
Calculating dependency for MACRO_INTMAX
Calculating dependency for MACRO_INTPTR
Calculating dependency for MACRO_INT_FAST16
Calculating dependency for MACRO_INT_MIN
Calculating dependency for MACRO_LC
Calculating dependency for MACRO_LDBL
Calculating dependency for MACRO_LDBL_RADIX
Calculating dependency for MACRO_LK
Calculating dependency for MACRO_LLONG
Calculating dependency for MACRO_LONG
Calculating dependency for MACRO_MAX
Calculating dependency for MACRO_MB
Calculating dependency for MACRO_MCW
Calculating dependency for MACRO_MCW_IC
Calculating dependency for MACRO_MCW_PC
Calculating dependency for MACRO_MCW_RC
Calculating dependency for MACRO_MIN
Calculating dependency for MACRO_NSIG
Calculating dependency for MACRO_NULL
Calculating dependency for MACRO_O
Calculating dependency for MACRO_OLD
Calculating dependency for MACRO_OVERFLOW
Calculating dependency for MACRO_P
Calculating dependency for MACRO_PC
Calculating dependency for MACRO_PER_THREAD_LOCALE
Calculating dependency for MACRO_PER_THREAD_LOCALE_GLOBAL
Calculating dependency for MACRO_PER_THREAD_LOCALE_NEW
Calculating dependency for MACRO_PLOSS
Calculating dependency for MACRO_PTRDIFF
Calculating dependency for MACRO_P_NOWAITO
Calculating dependency for MACRO_RAND
Calculating dependency for MACRO_RC
Calculating dependency for MACRO_S
Calculating dependency for MACRO_SCHAR
Calculating dependency for MACRO_SEEK
Calculating dependency for MACRO_SH
Calculating dependency for MACRO_SHRT
Calculating dependency for MACRO_SIG
Calculating dependency for MACRO_SIGNAL
Calculating dependency for MACRO_SIZE
Calculating dependency for MACRO_SW
Calculating dependency for MACRO_SYS
Calculating dependency for MACRO_TLOSS
Calculating dependency for MACRO_TMP
Calculating dependency for MACRO_UCHAR
Calculating dependency for MACRO_UINT
Calculating dependency for MACRO_UINTMAX
Calculating dependency for MACRO_UINTPTR
Calculating dependency for MACRO_UINT_FAST16
Calculating dependency for MACRO_UINT_MAX
Calculating dependency for MACRO_ULLONG
Calculating dependency for MACRO_ULONG
Calculating dependency for MACRO_USHRT
Calculating dependency for MACRO_WAIT
Calculating dependency for MACRO_WCHAR
Calculating dependency for MACRO_WEOF
Calculating dependency for MACRO_WINT
Calculating dependency for MACRO__A
Calculating dependency for MACRO__ALLOCA
Calculating dependency for MACRO__ALPHA
Calculating dependency for MACRO__ARGMAX
Calculating dependency for MACRO__ARM
Calculating dependency for MACRO__ATOMIC
Calculating dependency for MACRO__C2
Calculating dependency for MACRO__CALL
Calculating dependency for MACRO__CMP
Calculating dependency for MACRO__CN
Calculating dependency for MACRO__COMPILER
Calculating dependency for MACRO__CPPLIB
Calculating dependency for MACRO__CRT
Calculating dependency for MACRO__CRTDBG
Calculating dependency for MACRO__CRTDBG_ALLOC
Calculating dependency for MACRO__CRTWRN
Calculating dependency for MACRO__CRT_BUILD
Calculating dependency for MACRO__CRT_RPTHOOK
Calculating dependency for MACRO__CRT_WARN
Calculating dependency for MACRO__CVTBUFSIZE
Calculating dependency for MACRO__CW
Calculating dependency for MACRO__DBL
Calculating dependency for MACRO__DENORM
Calculating dependency for MACRO__DI
Calculating dependency for MACRO__DN
Calculating dependency for MACRO__DOMAIN
Calculating dependency for MACRO__EM
Calculating dependency for MACRO__EM_INEXACT
Calculating dependency for MACRO__FE
Calculating dependency for MACRO__FINITE
Calculating dependency for MACRO__FPCLASS
Calculating dependency for MACRO__FPE
Calculating dependency for MACRO__FREEENTRY
Calculating dependency for MACRO__GENERIC
Calculating dependency for MACRO__GLOBAL
Calculating dependency for MACRO__GLOBAL_USING
Calculating dependency for MACRO__HAS
Calculating dependency for MACRO__HAS_CHAR16
Calculating dependency for MACRO__HAS_EXCEPTIONS
Calculating dependency for MACRO__HAS_ITERATOR
Calculating dependency for MACRO__HEAP
Calculating dependency for MACRO__HEAPBADBEGIN
Calculating dependency for MACRO__HEAPBADNODE
Calculating dependency for MACRO__HEAPBADPTR
Calculating dependency for MACRO__HEAPEMPTY
Calculating dependency for MACRO__HEAPEND
Calculating dependency for MACRO__HEAPOK
Calculating dependency for MACRO__HOOK
Calculating dependency for MACRO__I32
Calculating dependency for MACRO__I64
Calculating dependency for MACRO__IC
Calculating dependency for MACRO__INFCODE
Calculating dependency for MACRO__IOB
Calculating dependency for MACRO__IOFBF
Calculating dependency for MACRO__IONBF
Calculating dependency for MACRO__IOREAD
Calculating dependency for MACRO__IOSTREAM
Calculating dependency for MACRO__ITERATOR
Calculating dependency for MACRO__JBLEN
Calculating dependency for MACRO__KANJI
Calculating dependency for MACRO__LK
Calculating dependency for MACRO__LLONG
Calculating dependency for MACRO__LO
Calculating dependency for MACRO__LOCK
Calculating dependency for MACRO__M
Calculating dependency for MACRO__MAX
Calculating dependency for MACRO__MAX_BLOCKS
Calculating dependency for MACRO__MAX_ENV
Calculating dependency for MACRO__MAX_EXP
Calculating dependency for MACRO__MAX_LOCK
Calculating dependency for MACRO__MAX_WAIT
Calculating dependency for MACRO__MB
Calculating dependency for MACRO__MBC
Calculating dependency for MACRO__MCW
Calculating dependency for MACRO__MCW_DN
Calculating dependency for MACRO__MCW_IC
Calculating dependency for MACRO__MCW_PC
Calculating dependency for MACRO__MCW_RC
Calculating dependency for MACRO__MM
Calculating dependency for MACRO__MM_DENORMALS
Calculating dependency for MACRO__MM_PCOMCTRL
Calculating dependency for MACRO__MS
Calculating dependency for MACRO__MS_32
Calculating dependency for MACRO__MULTI
Calculating dependency for MACRO__NCAT
Calculating dependency for MACRO__NLSCMPERROR
Calculating dependency for MACRO__NO
Calculating dependency for MACRO__NSTREAM
Calculating dependency for MACRO__O
Calculating dependency for MACRO__OLD
Calculating dependency for MACRO__OUT
Calculating dependency for MACRO__OVERFLOW
Calculating dependency for MACRO__P
Calculating dependency for MACRO__PC
Calculating dependency for MACRO__PLOSS
Calculating dependency for MACRO__P_NOWAITO
Calculating dependency for MACRO__RC
Calculating dependency for MACRO__REPORT
Calculating dependency for MACRO__RTC
Calculating dependency for MACRO__S
Calculating dependency for MACRO__SAL
Calculating dependency for MACRO__SECURE
Calculating dependency for MACRO__SECURECRT
Calculating dependency for MACRO__SECURE_SCL
Calculating dependency for MACRO__SH
Calculating dependency for MACRO__SIDD
Calculating dependency for MACRO__SW
Calculating dependency for MACRO__SW_UNEMULATED
Calculating dependency for MACRO__SYS
Calculating dependency for MACRO__TEOF
Calculating dependency for MACRO__TLOSS
Calculating dependency for MACRO__TMP
Calculating dependency for MACRO__TRUNCATE
Calculating dependency for MACRO__TWO
Calculating dependency for MACRO__UI32
Calculating dependency for MACRO__UI64
Calculating dependency for MACRO__UP
Calculating dependency for MACRO__UPPER
Calculating dependency for MACRO__USE
Calculating dependency for MACRO__VC
Calculating dependency for MACRO__WAIT
Calculating dependency for MACRO__WCHAR
Calculating dependency for MACRO__WIN32
Calculating dependency for MACRO__WRITE
Calculating dependency for MACRO__X
Calculating dependency for MACRO__XABORT
Calculating dependency for MACRO__XB
Calculating dependency for MACRO__XBEGIN
Calculating dependency for MACRO__XCR
Calculating dependency for MACRO__XS
Calculating dependency for MACRO___GOT
Calculating dependency for MACRO___STDC
Calculating dependency for MACRO___STDC_WANT
Calculating dependency for POGOAUTOSWEEPPROCA
Calculating dependency for POGOAUTOSWEEPPROCW
Calculating dependency for TCHAR
Calculating dependency for _Atomic_counter_t
Calculating dependency for _Atomic_flag_t
Calculating dependency for _Atomic_integral_t
Calculating dependency for _BCD80
Calculating dependency for _CONTEXT
Calculating dependency for _CRT_ALLOC_HOOK
Calculating dependency for _CRT_DOUBLE
Calculating dependency for _CRT_DUMP_CLIENT
Calculating dependency for _CRT_FLOAT
Calculating dependency for _CRT_REPORT_HOOK
Calculating dependency for _CRT_REPORT_HOOKW
Calculating dependency for _Collvec
Calculating dependency for _CrtMemBlockHeader
Calculating dependency for _CrtMemState
Calculating dependency for _Ctypevec
Calculating dependency for _Cvtvec
Calculating dependency for _Dconst
Calculating dependency for _EXCEPTION_DISPOSITION
Calculating dependency for _EXCEPTION_POINTERS
Calculating dependency for _EXCEPTION_RECORD
Calculating dependency for _FP128
Calculating dependency for _FP32
Calculating dependency for _FP64
Calculating dependency for _FP80
Calculating dependency for _FPIEEE_COMPARE_RESULT
Calculating dependency for _FPIEEE_EXCEPTION_FLAGS
Calculating dependency for _FPIEEE_FORMAT
Calculating dependency for _FPIEEE_PRECISION
Calculating dependency for _FPIEEE_RECORD
Calculating dependency for _FPIEEE_ROUNDING_MODE
Calculating dependency for _FPIEEE_VALUE
Calculating dependency for _FPQ64
Calculating dependency for _FP_OPERATION_CODE
Calculating dependency for _HEAPINFO
Calculating dependency for _HFILE
Calculating dependency for _I16
Calculating dependency for _I32
Calculating dependency for _I64
Calculating dependency for _JUMP_BUFFER
Calculating dependency for _LDBL12
Calculating dependency for _LDOUBLE
Calculating dependency for _LONGDOUBLE
Calculating dependency for _Longlong
Calculating dependency for _PFPIEEE_RECORD
Calculating dependency for _Q64
Calculating dependency for _RTC_ALLOCA_NODE
Calculating dependency for _RTC_ErrorNumber
Calculating dependency for _RTC_error_fn
Calculating dependency for _RTC_error_fnW
Calculating dependency for _RTC_framedesc
Calculating dependency for _RTC_vardesc
Calculating dependency for _TCHAR
Calculating dependency for _TINT
Calculating dependency for _TSCHAR
Calculating dependency for _TUCHAR
Calculating dependency for _TXCHAR
Calculating dependency for _U16
Calculating dependency for _U32
Calculating dependency for _U64
Calculating dependency for _ULonglong
Calculating dependency for _Uint32t
Calculating dependency for _Uint4_t
Calculating dependency for _Wint_t
Calculating dependency for __JUMP_BUFFER
Calculating dependency for __finddata64_t
Calculating dependency for __lc_time_data
Calculating dependency for __m128
Calculating dependency for __m128d
Calculating dependency for __m128i
Calculating dependency for __m256
Calculating dependency for __m256d
Calculating dependency for __m256i
Calculating dependency for __m64
Calculating dependency for __static_assert_t
Calculating dependency for __time32_t
Calculating dependency for __time64_t
Calculating dependency for __timeb32
Calculating dependency for __timeb64
Calculating dependency for __utimbuf32
Calculating dependency for __utimbuf64
Calculating dependency for _complex
Calculating dependency for _dev_t
Calculating dependency for _diskfree_t
Calculating dependency for _div_t
Calculating dependency for _exception
Calculating dependency for _finddata32_t
Calculating dependency for _finddata32i64_t
Calculating dependency for _finddata64i32_t
Calculating dependency for _fsize_t
Calculating dependency for _heapinfo
Calculating dependency for _ino_t
Calculating dependency for _invalid_parameter_handler
Calculating dependency for _iobuf
Calculating dependency for _ldiv_t
Calculating dependency for _lldiv_t
Calculating dependency for _locale_t
Calculating dependency for _locale_tstruct
Calculating dependency for _off_t
Calculating dependency for _onexit_t
Calculating dependency for _purecall_handler
Calculating dependency for _stat32
Calculating dependency for _stat32i64
Calculating dependency for _stat64
Calculating dependency for _stat64i32
Calculating dependency for _utimbuf
Calculating dependency for _wfinddata32_t
Calculating dependency for _wfinddata32i64_t
Calculating dependency for _wfinddata64_t
Calculating dependency for _wfinddata64i32_t
Calculating dependency for char16_t
Calculating dependency for char32_t
Calculating dependency for clock_t
Calculating dependency for dev_t
Calculating dependency for div_t
Calculating dependency for errno_t
Calculating dependency for fpos_t
Calculating dependency for ino_t
Calculating dependency for int16_t
Calculating dependency for int32_t
Calculating dependency for int64_t
Calculating dependency for int8_t
Calculating dependency for int_fast16_t
Calculating dependency for int_fast32_t
Calculating dependency for int_fast64_t
Calculating dependency for int_fast8_t
Calculating dependency for int_least16_t
Calculating dependency for int_least32_t
Calculating dependency for int_least64_t
Calculating dependency for int_least8_t
Calculating dependency for intmax_t
Calculating dependency for intptr_t
Calculating dependency for jmp_buf
Calculating dependency for lconv
Calculating dependency for ldiv_t
Calculating dependency for lldiv_t
Calculating dependency for localeinfo_struct
Calculating dependency for localerefcount
Calculating dependency for locrefcount
Calculating dependency for mbstate_t
Calculating dependency for memory_order
Calculating dependency for off_t
Calculating dependency for omp_lock_t
Calculating dependency for omp_nest_lock_t
Calculating dependency for pthreadlocinfo
Calculating dependency for pthreadmbcinfo
Calculating dependency for ptrdiff_t
Calculating dependency for rsize_t
Calculating dependency for sig_atomic_t
Calculating dependency for size_t
Calculating dependency for stat
Calculating dependency for threadlocaleinfostruct
Calculating dependency for threadlocinfo
Calculating dependency for threadmbcinfostruct
Calculating dependency for time_t
Calculating dependency for timeb
Calculating dependency for tm
Calculating dependency for uint16_t
Calculating dependency for uint32_t
Calculating dependency for uint64_t
Calculating dependency for uint8_t
Calculating dependency for uint_fast16_t
Calculating dependency for uint_fast32_t
Calculating dependency for uint_fast64_t
Calculating dependency for uint_fast8_t
Calculating dependency for uint_least16_t
Calculating dependency for uint_least32_t
Calculating dependency for uint_least64_t
Calculating dependency for uint_least8_t
Calculating dependency for uintmax_t
Calculating dependency for uintptr_t
Calculating dependency for utimbuf
Calculating dependency for utimbuf32
Calculating dependency for wchar_t
Calculating dependency for wctrans_t
Calculating dependency for wctype_t
Calculating dependency for wint_t

Got Type Def: _TCHAR
Got Type Def: _TINT
Got Type Def: _TSCHAR
Got Type Def: _TUCHAR
Got Type Def: _TXCHAR
Got Type Def: _U16
Got Type Def: _U32
Got Type Def: _U64
Got Type Def: _ULonglong
Got Type Def: _Uint32t
Got Type Def: _Uint4_t
Got Type Def: _Wint_t
Got Type Def: __JUMP_BUFFER
Got Type Def: __finddata64_t
Got Type Def: __lc_time_data
Got Type Def: __m128
Got Type Def: __m128d
Got Type Def: __m128i
Got Type Def: __m256
Got Type Def: __m256d
Got Type Def: __m256i
Got Type Def: __m64
Got Type Def: __static_assert_t
Got Type Def: __time32_t
Got Type Def: __time64_t
Got Type Def: __timeb32
Got Type Def: __timeb64
Got Type Def: __utimbuf32
Got Type Def: __utimbuf64
Got Type Def: _complex
Got Type Def: _dev_t
Got Type Def: _diskfree_t
Got Type Def: _div_t
Got Type Def: _exception
Got Type Def: _finddata32_t
Got Type Def: _finddata32i64_t
Got Type Def: _finddata64i32_t
Got Type Def: _fsize_t
Got Type Def: _heapinfo
Got Type Def: _ino_t
Got Type Def: _invalid_parameter_handler
Got Type Def: _iobuf
Got Type Def: _ldiv_t
Got Type Def: _lldiv_t
Got Type Def: _locale_t
Got Type Def: _locale_tstruct
Got Type Def: _off_t
Got Type Def: _onexit_t
Got Type Def: _purecall_handler
Got Type Def: _stat32
Got Type Def: _stat32i64
Got Type Def: _stat64
Got Type Def: _stat64i32
Got Type Def: _utimbuf
Got Type Def: _wfinddata32_t
Got Type Def: _wfinddata32i64_t
Got Type Def: _wfinddata64_t
Got Type Def: _wfinddata64i32_t
Got Type Def: char16_t
Got Type Def: char32_t
Got Type Def: clock_t
Got Type Def: dev_t
Got Type Def: div_t
Got Type Def: errno_t
Got Type Def: fpos_t
Got Type Def: ino_t
Got Type Def: int16_t
Got Type Def: int32_t
Got Type Def: int64_t
Got Type Def: int8_t
Got Type Def: int_fast16_t
Got Type Def: int_fast32_t
Got Type Def: int_fast64_t
Got Type Def: int_fast8_t
Got Type Def: int_least16_t
Got Type Def: int_least32_t
Got Type Def: int_least64_t
Got Type Def: int_least8_t
Got Type Def: intmax_t
Got Type Def: intptr_t
Got Type Def: jmp_buf
Got Type Def: lconv
Got Type Def: ldiv_t
Got Type Def: lldiv_t
Got Type Def: localeinfo_struct
Got Type Def: localerefcount
Got Type Def: locrefcount
Got Type Def: mbstate_t
Got Type Def: memory_order
Got Type Def: off_t
Got Type Def: omp_lock_t
Got Type Def: omp_nest_lock_t
Got Type Def: pthreadlocinfo
Got Type Def: pthreadmbcinfo
Got Type Def: ptrdiff_t
Got Type Def: rsize_t
Got Type Def: sig_atomic_t
Got Type Def: size_t
Got Type Def: stat
Got Type Def: threadlocaleinfostruct
Got Type Def: threadlocinfo
Got Type Def: threadmbcinfostruct
Got Type Def: time_t
Got Type Def: timeb
Got Type Def: tm
Got Type Def: uint16_t
Got Type Def: uint32_t
Got Type Def: uint64_t
Got Type Def: uint8_t
Got Type Def: uint_fast16_t
Got Type Def: uint_fast32_t
Got Type Def: uint_fast64_t
Got Type Def: uint_fast8_t
Got Type Def: uint_least16_t
Got Type Def: uint_least32_t
Got Type Def: uint_least64_t
Got Type Def: uint_least8_t
Got Type Def: uintmax_t
Got Type Def: uintptr_t
Got Type Def: utimbuf
Got Type Def: utimbuf32
Got Type Def: va_list
Got Type Def: wchar_t
Got Type Def: wctrans_t
Got Type Def: wctype_t
Got Type Def: wint_t
Compiling all type regex...
Calculating dependency for: _798F2A0931AE69495F6CF5BE64E576B5___C07814F2AB249BB45CDFEF44975072DA
Calculating dependency for: _0B8D1429C3827E0DB460E98487EB6908
Calculating dependency for: _0C0D8E877CDAA32B9F529E7264818D98
Calculating dependency for: _0CDD13AED9949118DD70163834A3A235
Calculating dependency for: _1CF8D236196540158D67A26DAC991F28
Calculating dependency for: _239F13ABFE0DEB25C9BEF2C1826A55A5
Calculating dependency for: _271E49C86C8EFA0B647D87A58CF03284
Calculating dependency for: _2AE221845231FFCECC219BE7F7049133
Calculating dependency for: _6D7329FAD13C403F17A910B84CCFB7BF
Calculating dependency for: _7007A5D07675D2D320A62125AF136FB2
Calculating dependency for: _72295A7541EC936D47FC3642EE72298B
Calculating dependency for: _798F2A0931AE69495F6CF5BE64E576B5
Calculating dependency for: _8E0937B200DCBA03D39E01164C2A4D0D
Calculating dependency for: _AD8E08CFADC045292413D8E747DD5ED4
Calculating dependency for: _BA519187DB4FB038EDB1959BB4D2DF27
Calculating dependency for: _D7F48ACA8F7E5F151D30CF090E11B572
Calculating dependency for: _D91DE99308EDB4B15B954CC4B13FA8FA
Calculating dependency for: _E6A349E6C594207448DC3F8A57F3A91C
Calculating dependency for: _EBF8251B43E7412EBBCF0A9FFEA6D7A7
Calculating dependency for: MACRO_PER_THREAD_LOCALE_GLOBAL
Calculating dependency for: MACRO_PER_THREAD_LOCALE_NEW
Calculating dependency for: _invalid_parameter_handler
Calculating dependency for: MACRO_PER_THREAD_LOCALE
Calculating dependency for: _FPIEEE_EXCEPTION_FLAGS
Calculating dependency for: _EXCEPTION_DISPOSITION
Calculating dependency for: _FPIEEE_COMPARE_RESULT
Calculating dependency for: threadlocaleinfostruct
Calculating dependency for: EXCEPTION_DISPOSITION
Calculating dependency for: MACRO__HAS_EXCEPTIONS
Calculating dependency for: _FPIEEE_ROUNDING_MODE
Calculating dependency for: MACRO__SW_UNEMULATED
Calculating dependency for: MACRO__CRTDBG_ALLOC
Calculating dependency for: MACRO__GLOBAL_USING
Calculating dependency for: MACRO__HAS_ITERATOR
Calculating dependency for: MACRO__HEAPBADBEGIN
Calculating dependency for: MACRO__MM_DENORMALS
Calculating dependency for: _EXCEPTION_POINTERS
Calculating dependency for: threadmbcinfostruct
Calculating dependency for: MACRO__CRT_RPTHOOK
Calculating dependency for: MACRO__HEAPBADNODE
Calculating dependency for: MACRO__MM_PCOMCTRL
Calculating dependency for: MACRO__NLSCMPERROR
Calculating dependency for: POGOAUTOSWEEPPROCA
Calculating dependency for: POGOAUTOSWEEPPROCW
Calculating dependency for: _Atomic_integral_t
Calculating dependency for: _CrtMemBlockHeader
Calculating dependency for: _FP_OPERATION_CODE
Calculating dependency for: MACRO_UINT_FAST16
Calculating dependency for: MACRO__CVTBUFSIZE
Calculating dependency for: MACRO__EM_INEXACT
Calculating dependency for: MACRO__HAS_CHAR16
Calculating dependency for: MACRO__HEAPBADPTR
Calculating dependency for: MACRO__MAX_BLOCKS
Calculating dependency for: MACRO__SECURE_SCL
Calculating dependency for: MACRO___STDC_WANT
Calculating dependency for: _Atomic_counter_t
Calculating dependency for: _CRT_REPORT_HOOKW
Calculating dependency for: _EXCEPTION_RECORD
Calculating dependency for: _FPIEEE_PRECISION
Calculating dependency for: __static_assert_t
Calculating dependency for: _purecall_handler
Calculating dependency for: _wfinddata32i64_t
Calculating dependency for: _wfinddata64i32_t
Calculating dependency for: localeinfo_struct
Calculating dependency for: MACRO_EM_INVALID
Calculating dependency for: MACRO_INT_FAST16
Calculating dependency for: MACRO_LDBL_RADIX
Calculating dependency for: MACRO__CRT_BUILD
Calculating dependency for: MACRO__FREEENTRY
Calculating dependency for: MACRO__HEAPEMPTY
Calculating dependency for: MACRO__P_NOWAITO
Calculating dependency for: MACRO__SECURECRT
Calculating dependency for: _CRT_DUMP_CLIENT
Calculating dependency for: _CRT_REPORT_HOOK
Calculating dependency for: _RTC_ALLOCA_NODE
Calculating dependency for: _RTC_ErrorNumber
Calculating dependency for: _finddata32i64_t
Calculating dependency for: _finddata64i32_t
Calculating dependency for: MACRO_DBL_RADIX
Calculating dependency for: MACRO_EXCEPTION
Calculating dependency for: MACRO_P_NOWAITO
Calculating dependency for: MACRO__COMPILER
Calculating dependency for: MACRO__CRT_WARN
Calculating dependency for: MACRO__IOSTREAM
Calculating dependency for: MACRO__ITERATOR
Calculating dependency for: MACRO__MAX_LOCK
Calculating dependency for: MACRO__MAX_WAIT
Calculating dependency for: MACRO__OVERFLOW
Calculating dependency for: MACRO__TRUNCATE
Calculating dependency for: _CRT_ALLOC_HOOK
Calculating dependency for: _PFPIEEE_RECORD
Calculating dependency for: _locale_tstruct
Calculating dependency for: omp_nest_lock_t
Calculating dependency for: MACRO_CHAR_MIN
Calculating dependency for: MACRO_FILENAME
Calculating dependency for: MACRO_OVERFLOW
Calculating dependency for: MACRO_UINT_MAX
Calculating dependency for: MACRO__FPCLASS
Calculating dependency for: MACRO__GENERIC
Calculating dependency for: MACRO__HEAPEND
Calculating dependency for: MACRO__INFCODE
Calculating dependency for: MACRO__MAX_ENV
Calculating dependency for: MACRO__MAX_EXP
Calculating dependency for: MACRO__NSTREAM
Calculating dependency for: _Atomic_flag_t
Calculating dependency for: _FPIEEE_FORMAT
Calculating dependency for: _FPIEEE_RECORD
Calculating dependency for: _RTC_error_fnW
Calculating dependency for: _RTC_framedesc
Calculating dependency for: __finddata64_t
Calculating dependency for: __lc_time_data
Calculating dependency for: _wfinddata32_t
Calculating dependency for: _wfinddata64_t
Calculating dependency for: localerefcount
Calculating dependency for: pthreadlocinfo
Calculating dependency for: pthreadmbcinfo
Calculating dependency for: uint_least16_t
Calculating dependency for: uint_least32_t
Calculating dependency for: uint_least64_t
Calculating dependency for: MACRO_INT_MIN
Calculating dependency for: MACRO_PTRDIFF
Calculating dependency for: MACRO_UINTMAX
Calculating dependency for: MACRO_UINTPTR
Calculating dependency for: MACRO__ALLOCA
Calculating dependency for: MACRO__ARGMAX
Calculating dependency for: MACRO__ATOMIC
Calculating dependency for: MACRO__CPPLIB
Calculating dependency for: MACRO__CRTDBG
Calculating dependency for: MACRO__CRTWRN
Calculating dependency for: MACRO__DENORM
Calculating dependency for: MACRO__DOMAIN
Calculating dependency for: MACRO__FINITE
Calculating dependency for: MACRO__GLOBAL
Calculating dependency for: MACRO__HEAPOK
Calculating dependency for: MACRO__IOREAD
Calculating dependency for: MACRO__MCW_DN
Calculating dependency for: MACRO__MCW_IC
Calculating dependency for: MACRO__MCW_PC
Calculating dependency for: MACRO__MCW_RC
Calculating dependency for: MACRO__REPORT
Calculating dependency for: MACRO__SECURE
Calculating dependency for: MACRO__XABORT
Calculating dependency for: MACRO__XBEGIN
Calculating dependency for: _FPIEEE_VALUE
Calculating dependency for: _RTC_error_fn
Calculating dependency for: __JUMP_BUFFER
Calculating dependency for: _finddata32_t
Calculating dependency for: int_least16_t
Calculating dependency for: int_least32_t
Calculating dependency for: int_least64_t
Calculating dependency for: threadlocinfo
Calculating dependency for: uint_fast16_t
Calculating dependency for: uint_fast32_t
Calculating dependency for: uint_fast64_t
Calculating dependency for: uint_least8_t
Calculating dependency for: MACRO_BUFSIZ
Calculating dependency for: MACRO_CLOCKS
Calculating dependency for: MACRO_DOMAIN
Calculating dependency for: MACRO_INTMAX
Calculating dependency for: MACRO_INTPTR
Calculating dependency for: MACRO_MCW_IC
Calculating dependency for: MACRO_MCW_PC
Calculating dependency for: MACRO_MCW_RC
Calculating dependency for: MACRO_SIGNAL
Calculating dependency for: MACRO_ULLONG
Calculating dependency for: MACRO__ALPHA
Calculating dependency for: MACRO__IOFBF
Calculating dependency for: MACRO__IONBF
Calculating dependency for: MACRO__JBLEN
Calculating dependency for: MACRO__KANJI
Calculating dependency for: MACRO__LLONG
Calculating dependency for: MACRO__MS_32
Calculating dependency for: MACRO__MULTI
Calculating dependency for: MACRO__PLOSS
Calculating dependency for: MACRO__TLOSS
Calculating dependency for: MACRO__UPPER
Calculating dependency for: MACRO__WCHAR
Calculating dependency for: MACRO__WIN32
Calculating dependency for: MACRO__WRITE
Calculating dependency for: MACRO___STDC
Calculating dependency for: _CrtMemState
Calculating dependency for: _JUMP_BUFFER
Calculating dependency for: _RTC_vardesc
Calculating dependency for: int_fast16_t
Calculating dependency for: int_fast32_t
Calculating dependency for: int_fast64_t
Calculating dependency for: int_least8_t
Calculating dependency for: memory_order
Calculating dependency for: sig_atomic_t
Calculating dependency for: uint_fast8_t
Calculating dependency for: MACRO_BLOCK
Calculating dependency for: MACRO_ERRNO
Calculating dependency for: MACRO_LLONG
Calculating dependency for: MACRO_PLOSS
Calculating dependency for: MACRO_SCHAR
Calculating dependency for: MACRO_TLOSS
Calculating dependency for: MACRO_UCHAR
Calculating dependency for: MACRO_ULONG
Calculating dependency for: MACRO_USHRT
Calculating dependency for: MACRO_WCHAR
Calculating dependency for: MACRO__CALL
Calculating dependency for: MACRO__HEAP
Calculating dependency for: MACRO__HOOK
Calculating dependency for: MACRO__LOCK
Calculating dependency for: MACRO__NCAT
Calculating dependency for: MACRO__SIDD
Calculating dependency for: MACRO__TEOF
Calculating dependency for: MACRO__UI32
Calculating dependency for: MACRO__UI64
Calculating dependency for: MACRO__WAIT
Calculating dependency for: MACRO___GOT
Calculating dependency for: _CRT_DOUBLE
Calculating dependency for: _LONGDOUBLE
Calculating dependency for: __utimbuf32
Calculating dependency for: __utimbuf64
Calculating dependency for: _diskfree_t
Calculating dependency for: int_fast8_t
Calculating dependency for: locrefcount
Calculating dependency for: MACRO_CHAR
Calculating dependency for: MACRO_EXIT
Calculating dependency for: MACRO_LDBL
Calculating dependency for: MACRO_LONG
Calculating dependency for: MACRO_NSIG
Calculating dependency for: MACRO_NULL
Calculating dependency for: MACRO_RAND
Calculating dependency for: MACRO_SEEK
Calculating dependency for: MACRO_SHRT
Calculating dependency for: MACRO_SIZE
Calculating dependency for: MACRO_UINT
Calculating dependency for: MACRO_WAIT
Calculating dependency for: MACRO_WEOF
Calculating dependency for: MACRO_WINT
Calculating dependency for: MACRO__ARM
Calculating dependency for: MACRO__CMP
Calculating dependency for: MACRO__CRT
Calculating dependency for: MACRO__DBL
Calculating dependency for: MACRO__FPE
Calculating dependency for: MACRO__HAS
Calculating dependency for: MACRO__I32
Calculating dependency for: MACRO__I64
Calculating dependency for: MACRO__IOB
Calculating dependency for: MACRO__MAX
Calculating dependency for: MACRO__MBC
Calculating dependency for: MACRO__MCW
Calculating dependency for: MACRO__OLD
Calculating dependency for: MACRO__OUT
Calculating dependency for: MACRO__RTC
Calculating dependency for: MACRO__SAL
Calculating dependency for: MACRO__SYS
Calculating dependency for: MACRO__TMP
Calculating dependency for: MACRO__TWO
Calculating dependency for: MACRO__USE
Calculating dependency for: MACRO__XCR
Calculating dependency for: _CRT_FLOAT
Calculating dependency for: _ULonglong
Calculating dependency for: __time32_t
Calculating dependency for: __time64_t
Calculating dependency for: _exception
Calculating dependency for: _stat32i64
Calculating dependency for: _stat64i32
Calculating dependency for: omp_lock_t
Calculating dependency for: MACRO_CLK
Calculating dependency for: MACRO_DBL
Calculating dependency for: MACRO_EOF
Calculating dependency for: MACRO_FLT
Calculating dependency for: MACRO_FPE
Calculating dependency for: MACRO_INT
Calculating dependency for: MACRO_MAX
Calculating dependency for: MACRO_MCW
Calculating dependency for: MACRO_MIN
Calculating dependency for: MACRO_OLD
Calculating dependency for: MACRO_SIG
Calculating dependency for: MACRO_SYS
Calculating dependency for: MACRO_TMP
Calculating dependency for: MACRO__C2
Calculating dependency for: MACRO__CN
Calculating dependency for: MACRO__CW
Calculating dependency for: MACRO__DI
Calculating dependency for: MACRO__DN
Calculating dependency for: MACRO__EM
Calculating dependency for: MACRO__FE
Calculating dependency for: MACRO__IC
Calculating dependency for: MACRO__LK
Calculating dependency for: MACRO__LO
Calculating dependency for: MACRO__MB
Calculating dependency for: MACRO__MM
Calculating dependency for: MACRO__MS
Calculating dependency for: MACRO__NO
Calculating dependency for: MACRO__PC
Calculating dependency for: MACRO__RC
Calculating dependency for: MACRO__SH
Calculating dependency for: MACRO__SW
Calculating dependency for: MACRO__UP
Calculating dependency for: MACRO__VC
Calculating dependency for: MACRO__XB
Calculating dependency for: MACRO__XS
Calculating dependency for: _Ctypevec
Calculating dependency for: _HEAPINFO
Calculating dependency for: _Longlong
Calculating dependency for: __timeb32
Calculating dependency for: __timeb64
Calculating dependency for: _heapinfo
Calculating dependency for: _locale_t
Calculating dependency for: _onexit_t
Calculating dependency for: mbstate_t
Calculating dependency for: ptrdiff_t
Calculating dependency for: uintmax_t
Calculating dependency for: uintptr_t
Calculating dependency for: utimbuf32
Calculating dependency for: wctrans_t
Calculating dependency for: MACRO_CW
Calculating dependency for: MACRO_EM
Calculating dependency for: MACRO_IC
Calculating dependency for: MACRO_LC
Calculating dependency for: MACRO_LK
Calculating dependency for: MACRO_MB
Calculating dependency for: MACRO_PC
Calculating dependency for: MACRO_RC
Calculating dependency for: MACRO_SH
Calculating dependency for: MACRO_SW
Calculating dependency for: MACRO__A
Calculating dependency for: MACRO__M
Calculating dependency for: MACRO__O
Calculating dependency for: MACRO__P
Calculating dependency for: MACRO__S
Calculating dependency for: MACRO__X
Calculating dependency for: _CONTEXT
Calculating dependency for: _Collvec
Calculating dependency for: _LDOUBLE
Calculating dependency for: _Uint32t
Calculating dependency for: _Uint4_t
Calculating dependency for: _complex
Calculating dependency for: _fsize_t
Calculating dependency for: _lldiv_t
Calculating dependency for: _utimbuf
Calculating dependency for: char16_t
Calculating dependency for: char32_t
Calculating dependency for: intmax_t
Calculating dependency for: intptr_t
Calculating dependency for: uint16_t
Calculating dependency for: uint32_t
Calculating dependency for: uint64_t
Calculating dependency for: wctype_t
Calculating dependency for: MACRO_O
Calculating dependency for: MACRO_P
Calculating dependency for: MACRO_S
Calculating dependency for: _Cvtvec
Calculating dependency for: _Dconst
Calculating dependency for: _LDBL12
Calculating dependency for: _TSCHAR
Calculating dependency for: _TUCHAR
Calculating dependency for: _TXCHAR
Calculating dependency for: _Wint_t
Calculating dependency for: __m128d
Calculating dependency for: __m128i
Calculating dependency for: __m256d
Calculating dependency for: __m256i
Calculating dependency for: _ldiv_t
Calculating dependency for: _stat32
Calculating dependency for: _stat64
Calculating dependency for: clock_t
Calculating dependency for: errno_t
Calculating dependency for: int16_t
Calculating dependency for: int32_t
Calculating dependency for: int64_t
Calculating dependency for: jmp_buf
Calculating dependency for: lldiv_t
Calculating dependency for: rsize_t
Calculating dependency for: uint8_t
Calculating dependency for: utimbuf
Calculating dependency for: wchar_t
Calculating dependency for: _BCD80
Calculating dependency for: _FP128
Calculating dependency for: _FPQ64
Calculating dependency for: _HFILE
Calculating dependency for: _TCHAR
Calculating dependency for: __m128
Calculating dependency for: __m256
Calculating dependency for: _dev_t
Calculating dependency for: _div_t
Calculating dependency for: _ino_t
Calculating dependency for: _iobuf
Calculating dependency for: _off_t
Calculating dependency for: fpos_t
Calculating dependency for: int8_t
Calculating dependency for: ldiv_t
Calculating dependency for: size_t
Calculating dependency for: time_t
Calculating dependency for: wint_t
Calculating dependency for: TCHAR
Calculating dependency for: _FP32
Calculating dependency for: _FP64
Calculating dependency for: _FP80
Calculating dependency for: _TINT
Calculating dependency for: __m64
Calculating dependency for: dev_t
Calculating dependency for: div_t
Calculating dependency for: ino_t
Calculating dependency for: lconv
Calculating dependency for: off_t
Calculating dependency for: timeb
Calculating dependency for: FILE
Calculating dependency for: _I16
Calculating dependency for: _I32
Calculating dependency for: _I64
Calculating dependency for: _Q64
Calculating dependency for: _U16
Calculating dependency for: _U32
Calculating dependency for: _U64
Calculating dependency for: stat
Calculating dependency for: tm
Type hierarchy analysis finished:
_0B8D1429C3827E0DB460E98487EB6908 -> []
_0C0D8E877CDAA32B9F529E7264818D98 -> []
_0CDD13AED9949118DD70163834A3A235 -> []
_1CF8D236196540158D67A26DAC991F28 -> []
_239F13ABFE0DEB25C9BEF2C1826A55A5 -> []
_2AE221845231FFCECC219BE7F7049133 -> []
_6D7329FAD13C403F17A910B84CCFB7BF -> []
_72295A7541EC936D47FC3642EE72298B -> []
_8E0937B200DCBA03D39E01164C2A4D0D -> []
_AD8E08CFADC045292413D8E747DD5ED4 -> []
_BA519187DB4FB038EDB1959BB4D2DF27 -> []
_D7F48ACA8F7E5F151D30CF090E11B572 -> []
_D91DE99308EDB4B15B954CC4B13FA8FA -> []
_E6A349E6C594207448DC3F8A57F3A91C -> []
_EBF8251B43E7412EBBCF0A9FFEA6D7A7 -> []
MACRO_PER_THREAD_LOCALE_GLOBAL -> []
MACRO_PER_THREAD_LOCALE_NEW -> []
MACRO_PER_THREAD_LOCALE -> []
_FPIEEE_EXCEPTION_FLAGS -> []
_EXCEPTION_DISPOSITION -> []
MACRO__HAS_EXCEPTIONS -> []
MACRO__SW_UNEMULATED -> []
MACRO__CRTDBG_ALLOC -> []
MACRO__GLOBAL_USING -> []
MACRO__HAS_ITERATOR -> []
MACRO__HEAPBADBEGIN -> []
MACRO__MM_DENORMALS -> []
_EXCEPTION_POINTERS -> []
threadmbcinfostruct -> []
MACRO__CRT_RPTHOOK -> []
MACRO__HEAPBADNODE -> []
MACRO__MM_PCOMCTRL -> []
MACRO__NLSCMPERROR -> []
POGOAUTOSWEEPPROCA -> []
_CrtMemBlockHeader -> []
MACRO_UINT_FAST16 -> []
MACRO__CVTBUFSIZE -> []
MACRO__EM_INEXACT -> []
MACRO__HAS_CHAR16 -> []
MACRO__HEAPBADPTR -> []
MACRO__MAX_BLOCKS -> []
MACRO__SECURE_SCL -> []
MACRO___STDC_WANT -> []
_EXCEPTION_RECORD -> []
__static_assert_t -> []
_purecall_handler -> []
MACRO_EM_INVALID -> []
MACRO_INT_FAST16 -> []
MACRO_LDBL_RADIX -> []
MACRO__CRT_BUILD -> []
MACRO__FREEENTRY -> []
MACRO__HEAPEMPTY -> []
MACRO__P_NOWAITO -> []
MACRO__SECURECRT -> []
_CRT_REPORT_HOOK -> []
_RTC_ErrorNumber -> []
MACRO_DBL_RADIX -> []
MACRO_EXCEPTION -> []
MACRO_P_NOWAITO -> []
MACRO__COMPILER -> []
MACRO__CRT_WARN -> []
MACRO__IOSTREAM -> []
MACRO__ITERATOR -> []
MACRO__MAX_LOCK -> []
MACRO__MAX_WAIT -> []
MACRO__OVERFLOW -> []
MACRO__TRUNCATE -> []
_PFPIEEE_RECORD -> []
_locale_tstruct -> []
omp_nest_lock_t -> []
MACRO_CHAR_MIN -> []
MACRO_FILENAME -> []
MACRO_OVERFLOW -> []
MACRO_UINT_MAX -> []
MACRO__FPCLASS -> []
MACRO__GENERIC -> []
MACRO__HEAPEND -> []
MACRO__INFCODE -> []
MACRO__MAX_ENV -> []
MACRO__MAX_EXP -> []
MACRO__NSTREAM -> []
_Atomic_flag_t -> []
_FPIEEE_RECORD -> []
_RTC_framedesc -> []
__lc_time_data -> []
pthreadlocinfo -> []
pthreadmbcinfo -> []
uint_least16_t -> []
uint_least32_t -> []
uint_least64_t -> []
MACRO_INT_MIN -> []
MACRO_PTRDIFF -> []
MACRO_UINTMAX -> []
MACRO_UINTPTR -> []
MACRO__ALLOCA -> []
MACRO__ARGMAX -> []
MACRO__ATOMIC -> []
MACRO__CPPLIB -> []
MACRO__CRTDBG -> []
MACRO__CRTWRN -> []
MACRO__DENORM -> []
MACRO__DOMAIN -> []
MACRO__FINITE -> []
MACRO__GLOBAL -> []
MACRO__HEAPOK -> []
MACRO__IOREAD -> []
MACRO__MCW_DN -> []
MACRO__MCW_IC -> []
MACRO__MCW_PC -> []
MACRO__MCW_RC -> []
MACRO__REPORT -> []
MACRO__SECURE -> []
MACRO__XABORT -> []
MACRO__XBEGIN -> []
_FPIEEE_VALUE -> []
_RTC_error_fn -> []
__JUMP_BUFFER -> []
int_least16_t -> []
int_least32_t -> []
int_least64_t -> []
threadlocinfo -> []
uint_fast16_t -> []
uint_fast32_t -> []
uint_fast64_t -> []
uint_least8_t -> []
MACRO_BUFSIZ -> []
MACRO_CLOCKS -> []
MACRO_DOMAIN -> []
MACRO_INTMAX -> []
MACRO_INTPTR -> []
MACRO_MCW_IC -> []
MACRO_MCW_PC -> []
MACRO_MCW_RC -> []
MACRO_SIGNAL -> []
MACRO_ULLONG -> []
MACRO__ALPHA -> []
MACRO__IOFBF -> []
MACRO__IONBF -> []
MACRO__JBLEN -> []
MACRO__KANJI -> []
MACRO__LLONG -> []
MACRO__MS_32 -> []
MACRO__MULTI -> []
MACRO__PLOSS -> []
MACRO__TLOSS -> []
MACRO__UPPER -> []
MACRO__WCHAR -> []
MACRO__WIN32 -> []
MACRO__WRITE -> []
MACRO___STDC -> []
_JUMP_BUFFER -> []
_RTC_vardesc -> []
int_fast16_t -> []
int_fast32_t -> []
int_fast64_t -> []
int_least8_t -> []
memory_order -> []
sig_atomic_t -> []
uint_fast8_t -> []
MACRO_BLOCK -> []
MACRO_ERRNO -> []
MACRO_LLONG -> []
MACRO_PLOSS -> []
MACRO_SCHAR -> []
MACRO_TLOSS -> []
MACRO_UCHAR -> []
MACRO_ULONG -> []
MACRO_USHRT -> []
MACRO_WCHAR -> []
MACRO__CALL -> []
MACRO__HEAP -> []
MACRO__HOOK -> []
MACRO__LOCK -> []
MACRO__NCAT -> []
MACRO__SIDD -> []
MACRO__TEOF -> []
MACRO__UI32 -> []
MACRO__UI64 -> []
MACRO__WAIT -> []
MACRO___GOT -> []
_CRT_DOUBLE -> []
_LONGDOUBLE -> []
_diskfree_t -> []
int_fast8_t -> []
locrefcount -> []
MACRO_CHAR -> []
MACRO_EXIT -> []
MACRO_LDBL -> []
MACRO_LONG -> []
MACRO_NSIG -> []
MACRO_NULL -> []
MACRO_RAND -> []
MACRO_SEEK -> []
MACRO_SHRT -> []
MACRO_SIZE -> []
MACRO_UINT -> []
MACRO_WAIT -> []
MACRO_WEOF -> []
MACRO_WINT -> []
MACRO__ARM -> []
MACRO__CMP -> []
MACRO__CRT -> []
MACRO__DBL -> []
MACRO__FPE -> []
MACRO__HAS -> []
MACRO__I32 -> []
MACRO__I64 -> []
MACRO__IOB -> []
MACRO__MAX -> []
MACRO__MBC -> []
MACRO__MCW -> []
MACRO__OLD -> []
MACRO__OUT -> []
MACRO__RTC -> []
MACRO__SAL -> []
MACRO__SYS -> []
MACRO__TMP -> []
MACRO__TWO -> []
MACRO__USE -> []
MACRO__XCR -> []
_CRT_FLOAT -> []
_ULonglong -> []
__time32_t -> []
__time64_t -> []
_exception -> []
omp_lock_t -> []
MACRO_CLK -> []
MACRO_DBL -> []
MACRO_EOF -> []
MACRO_FLT -> []
MACRO_FPE -> []
MACRO_INT -> []
MACRO_MAX -> []
MACRO_MCW -> []
MACRO_MIN -> []
MACRO_OLD -> []
MACRO_SIG -> []
MACRO_SYS -> []
MACRO_TMP -> []
MACRO__C2 -> []
MACRO__CN -> []
MACRO__CW -> []
MACRO__DI -> []
MACRO__DN -> []
MACRO__EM -> []
MACRO__FE -> []
MACRO__IC -> []
MACRO__LK -> []
MACRO__LO -> []
MACRO__MB -> []
MACRO__MM -> []
MACRO__MS -> []
MACRO__NO -> []
MACRO__PC -> []
MACRO__RC -> []
MACRO__SH -> []
MACRO__SW -> []
MACRO__UP -> []
MACRO__VC -> []
MACRO__XB -> []
MACRO__XS -> []
_HEAPINFO -> []
_Longlong -> []
_locale_t -> []
_onexit_t -> []
mbstate_t -> []
ptrdiff_t -> []
uintmax_t -> []
uintptr_t -> []
MACRO_CW -> []
MACRO_EM -> []
MACRO_IC -> []
MACRO_LC -> []
MACRO_LK -> []
MACRO_MB -> []
MACRO_PC -> []
MACRO_RC -> []
MACRO_SH -> []
MACRO_SW -> []
MACRO__A -> []
MACRO__M -> []
MACRO__O -> []
MACRO__P -> []
MACRO__S -> []
MACRO__X -> []
_CONTEXT -> []
_LDOUBLE -> []
_Uint32t -> []
_complex -> []
_fsize_t -> []
_lldiv_t -> []
char16_t -> []
char32_t -> []
intmax_t -> []
intptr_t -> []
uint16_t -> []
uint32_t -> []
uint64_t -> []
wctype_t -> []
MACRO_O -> []
MACRO_P -> []
MACRO_S -> []
_Cvtvec -> []
_Dconst -> []
_LDBL12 -> []
_TSCHAR -> []
_TUCHAR -> []
_TXCHAR -> []
__m128d -> []
__m128i -> []
__m256d -> []
__m256i -> []
_ldiv_t -> []
clock_t -> []
errno_t -> []
int16_t -> []
int32_t -> []
int64_t -> []
jmp_buf -> []
lldiv_t -> []
uint8_t -> []
wchar_t -> []
_BCD80 -> []
_FP128 -> []
_FPQ64 -> []
_HFILE -> []
_TCHAR -> []
__m128 -> []
__m256 -> []
_dev_t -> []
_div_t -> []
_ino_t -> []
_iobuf -> []
_off_t -> []
fpos_t -> []
int8_t -> []
ldiv_t -> []
size_t -> []
wint_t -> []
TCHAR -> []
_FP32 -> []
_FP64 -> []
_FP80 -> []
_TINT -> []
__m64 -> []
dev_t -> []
div_t -> []
ino_t -> []
off_t -> []
FILE -> []
_I16 -> []
_I32 -> []
_I64 -> []
_Q64 -> []
_U16 -> []
_U32 -> []
_U64 -> []
tm -> []
_7007A5D07675D2D320A62125AF136FB2 -> ['_Q64']
_798F2A0931AE69495F6CF5BE64E576B5 -> ['_798F2A0931AE69495F6CF5BE64E576B5___C07814F2AB249BB45CDFEF44975072DA']
_FPIEEE_COMPARE_RESULT -> ['_0C0D8E877CDAA32B9F529E7264818D98']
EXCEPTION_DISPOSITION -> ['_EXCEPTION_DISPOSITION']
_FPIEEE_ROUNDING_MODE -> ['_0CDD13AED9949118DD70163834A3A235']
POGOAUTOSWEEPPROCW -> ['wchar_t']
_Atomic_integral_t -> ['_Uint4_t']
_FP_OPERATION_CODE -> ['_D7F48ACA8F7E5F151D30CF090E11B572']
_Atomic_counter_t -> ['_Atomic_integral_t']
_CRT_REPORT_HOOKW -> ['wchar_t']
_FPIEEE_PRECISION -> ['_EBF8251B43E7412EBBCF0A9FFEA6D7A7']
_CRT_DUMP_CLIENT -> ['size_t']
_RTC_ALLOCA_NODE -> ['size_t']
_finddata32i64_t -> ['__time32_t']
_CRT_ALLOC_HOOK -> ['size_t']
_FPIEEE_FORMAT -> ['_239F13ABFE0DEB25C9BEF2C1826A55A5']
_RTC_error_fnW -> ['wchar_t']
__finddata64_t -> ['__time64_t']
localerefcount -> ['wchar_t']
_CrtMemState -> ['size_t']
__utimbuf32 -> ['__time32_t']
__utimbuf64 -> ['__time64_t']
_Ctypevec -> ['wchar_t']
__timeb32 -> ['__time32_t']
__timeb64 -> ['__time64_t']
_heapinfo -> ['size_t']
utimbuf32 -> ['__time32_t']
wctrans_t -> ['wchar_t']
_Collvec -> ['wchar_t']
_Uint4_t -> ['_Uint32t']
_utimbuf -> ['time_t']
_Wint_t -> ['wchar_t']
rsize_t -> ['size_t']
utimbuf -> ['time_t']
time_t -> ['__time64_t']
lconv -> ['wchar_t']
timeb -> ['time_t']
_271E49C86C8EFA0B647D87A58CF03284 -> ['_FPIEEE_EXCEPTION_FLAGS', '_FPIEEE_VALUE']
_invalid_parameter_handler -> ['wchar_t', 'uintptr_t']
_wfinddata32i64_t -> ['__time32_t', 'wchar_t']
localeinfo_struct -> ['pthreadlocinfo', 'pthreadmbcinfo']
_finddata64i32_t -> ['__time64_t', '_fsize_t']
_wfinddata64_t -> ['__time64_t', 'wchar_t']
_finddata32_t -> ['__time32_t', '_fsize_t']
threadlocaleinfostruct -> ['locrefcount', 'lconv', 'wchar_t']
_wfinddata64i32_t -> ['__time64_t', '_fsize_t', 'wchar_t']
_wfinddata32_t -> ['__time32_t', '_fsize_t', 'wchar_t']
_stat32i64 -> ['_dev_t', '_ino_t', '__time32_t']
_stat64 -> ['_dev_t', '_ino_t', '__time64_t']
_stat64i32 -> ['_dev_t', '_ino_t', '_off_t', '__time64_t']
_stat32 -> ['_dev_t', '_ino_t', '_off_t', '__time32_t']
stat -> ['_dev_t', '_ino_t', '_off_t', 'time_t']
_798F2A0931AE69495F6CF5BE64E576B5___C07814F2AB249BB45CDFEF44975072DA -> ['_FP32', '_FP64', '_FP80', '_FP128', '_I16', '_I32', '_I64', '_U16', '_U32', '_U64', '_BCD80', '_Q64', '_FPQ64']
========= Ghidra Hdr Gen finished!
