
#line 1: "D:\Workspaces\UtilWorkspace\Reverse\GhidraTools\ghidra_ida_til\4_til_til2c_headers\pc\ms16dos.til.h"
/// #define GHIDRA ===DEFINED

/// #ifndef INCLUDE_GUARD_ms16dos_til ===true

/// #define INCLUDE_GUARD_ms16dos_til ===DEFINED


#line 1: "D:\Workspaces\UtilWorkspace\Reverse\GhidraTools\ghidra_ida_til\5_gengdt\pc\.\..\..\..\..\IDAPlugins\idatil2c\common.h"


/// #define __int64  long long ===DEFINED
/// #define __int32  int ===DEFINED
/// #define __int16  short ===DEFINED
/// #define __int8  char ===DEFINED

/// #ifdef GHIDRA ===true

typedef struct {
    long long u1;
    long long u2;
} __int128;
typedef struct {
    unsigned long long u1;
    unsigned long long u2;
} __uint128;
/// #endif ===true


typedef char int8_t;
typedef short int16_t;
typedef int int32_t;
typedef long long int64_t;

typedef unsigned char uint8_t;
typedef unsigned short uint16_t;
typedef unsigned int uint32_t;
typedef unsigned long long uint64_t;

/// #define _BYTE  uint8_t ===DEFINED
/// #define _WORD  uint16_t ===DEFINED
/// #define _QWORD  uint64_t ===DEFINED
/// #define _DWORD  uint32_t ===DEFINED



/// #ifndef HAVETYPE_bool ===true

/// #define bool  char ===DEFINED
/// #endif ===true


/// #ifndef HAVETYPE___u32 ===true

typedef uint32_t __u32;
/// #endif ===true

/// #ifndef HAVETYPE___u16 ===true

typedef uint16_t __u16;
/// #endif ===true

/// #ifndef HAVETYPE___u64 ===true

typedef uint64_t __u64;
/// #endif ===true

/// #ifndef HAVETYPE___kernel_uid32_t ===true

typedef unsigned int __kernel_uid32_t;
/// #endif ===true

/// #ifndef HAVETYPE___kernel_mqd_t ===true

typedef int __kernel_mqd_t;
/// #endif ===true



/// #define __fastcall ===DEFINED

/// #define __unaligned ===DEFINED

/// #define __stdcall ===DEFINED

/// #define __cppobj ===DEFINED

/// #define __declspec([x])   ===DEFINED
/// #define __hidden ===DEFINED

/// #define __cdecl ===DEFINED

/// #define __noreturn ===DEFINED


/// #define const ===DEFINED

/// #define this  _this ===DEFINED

typedef char _Mbstatet;

typedef void **va_list;





























 
#line 4: "D:\Workspaces\UtilWorkspace\Reverse\GhidraTools\ghidra_ida_til\4_til_til2c_headers\pc\ms16dos.til.h"




struct _49112922E8D3FA36A9D9A6626290371D;
struct _5D287BBCEE976282B532DF578B48FE30;
struct _708EB2C8D47456B2C174260C174C4FAC;
struct _92231A9D73296187DBEF5930036406A4;
struct _95C3CB16824D66B4D3D3A1F25D6CE7B3;
struct _F8345695F188CA62739CDC0353D986D0;
struct _videoconfig;
struct _diskfree_t;
struct _diskinfo_t;
struct _exceptionl;
struct _dosdate_t;
struct _dostime_t;
struct _exception;
struct _BYTEREGS;
struct _DOSERROR;
struct _WORDREGS;
struct _complexl;
struct _fontinfo;
struct _heapinfo;
struct _wxycoord;
struct BYTEREGS;
struct DOSERROR;
struct WORDREGS;
struct _complex;
struct _rccoord;
struct _utimbuf;
struct _xycoord;
struct _find_t;
struct _ldiv_t;
struct complex;
struct utimbuf;
struct _SREGS;
struct _div_t;
struct _iobuf;
struct _timeb;
struct SREGS;
union _REGS;
struct _stat;
struct lconv;
struct timeb;
union REGS;
struct stat;
struct tm;

struct _49112922E8D3FA36A9D9A6626290371D {int x1;int y1;int x2;int y2;int border;int background;int borderstyle;int bordercolor;};
struct _5D287BBCEE976282B532DF578B48FE30 {char title[70];int titlecolor;int justify;};
enum MACRO__GRINSUFFICIENTMEMORY {_GRINSUFFICIENTMEMORY = -8,};
enum MACRO__GRINVALIDIMAGEBUFFER {_GRINVALIDIMAGEBUFFER = -9,};
enum MACRO__GRCORRUPTEDFONTFILE {_GRCORRUPTEDFONTFILE = -7,};
enum MACRO__GRFONTFILENOTFOUND {_GRFONTFILENOTFOUND = -5,};
enum MACRO__GRINVALIDPARAMETER {_GRINVALIDPARAMETER = -4,};
enum MACRO__GRMODENOTSUPPORTED {_GRMODENOTSUPPORTED = -2,};
enum MACRO__GRPARAMETERALTERED {_GRPARAMETERALTERED = 3,_GRTEXTNOTSUPPORTED = 4,};
enum MACRO__GRINVALIDFONTFILE {_GRINVALIDFONTFILE = -6,};
enum MACRO__GRNOTINPROPERMODE {_GRNOTINPROPERMODE = -3,};
enum MACRO__GFILLINTERIOR {_GFILLINTERIOR = 3,};
enum MACRO__GCLEARSCREEN {_GCLEARSCREEN = 0,_GVIEWPORT = 1,_GWINDOW = 2,};
enum MACRO__HEAPBADBEGIN {_HEAPBADBEGIN = -3,};
enum MACRO__LIGHTMAGENTA {_LIGHTMAGENTA = 0x153F,};
enum MACRO__MAXCOLORMODE {_MAXCOLORMODE = -2,};
enum MACRO__MODEFHITOOFF {_MODEFHITOOFF = 6,};
enum MACRO__MODEFONTOOFF {_MODEFONTOOFF = 3,_MODEFON = 4,};
enum MACRO__MRES256COLOR {_MRES256COLOR = 19,_ORESCOLOR = 64,_ORES256COLOR = 256,};
enum MACRO__SRES256COLOR {_SRES256COLOR = 0x103,};
enum MACRO__VRES256COLOR {_VRES256COLOR = 0x101,};
enum MACRO__XRES256COLOR {_XRES256COLOR = 0x105,};
enum MACRO__ZRES256COLOR {_ZRES256COLOR = 0x107,};
enum MACRO__BRIGHTWHITE {_BRIGHTWHITE = 0x3F3F,};
enum MACRO__DEFAULTMODE {_DEFAULTMODE = -1,};
enum MACRO__ERESNOCOLOR {_ERESNOCOLOR = 15,_ERESCOLOR = 16,};
enum MACRO__GSCROLLDOWN {_GSCROLLDOWN = -1,};
enum MACRO__HEAPBADNODE {_HEAPBADNODE = -4,};
enum MACRO__HRES16COLOR {_HRES16COLOR = 14,};
enum MACRO__LIGHTYELLOW {_LIGHTYELLOW = 16191,};
enum MACRO__MAXTEXTROWS {_MAXTEXTROWS = -1,};
enum MACRO__MODEFHITOON {_MODEFHITOON = 7,_MODEFHI = 8,};
enum MACRO__MODEFONTOHI {_MODEFONTOHI = 5,};
enum MACRO__MRES16COLOR {_MRES16COLOR = 13,};
enum MACRO__MRESNOCOLOR {_MRESNOCOLOR = 5,};
enum MACRO__SRES16COLOR {_SRES16COLOR = 0x102,};
enum MACRO__VRES16COLOR {_VRES16COLOR = 18,};
enum MACRO__XRES16COLOR {_XRES16COLOR = 0x104,};
enum MACRO__ZRES16COLOR {_ZRES16COLOR = 0x106,};
enum MACRO__GCURSOROFF {_GCURSOROFF = 0,_GCURSORON = 1,};
enum MACRO__GRNOOUTPUT {_GRNOOUTPUT = 1,_GRCLIPPED = 2,};
enum MACRO__HEAPBADPTR {_HEAPBADPTR = -6,};
enum MACRO__LIGHTGREEN {_LIGHTGREEN = 0x3F15,};
enum MACRO__MAXRESMODE {_MAXRESMODE = -3,};
enum MACRO__VRES2COLOR {_VRES2COLOR = 17,};
enum MACRO_LDBL_RADIX {LDBL_RADIX = 2,LDBL_ROUNDS = 1,};
enum MACRO__FREEENTRY {_FREEENTRY = 0,_USEDENTRY = 1,};
enum MACRO__GSCROLLUP {_GSCROLLUP = 1,};
enum MACRO__HEAPEMPTY {_HEAPEMPTY = -1,};
enum MACRO__LIGHTBLUE {_LIGHTBLUE = 0x1515,};
enum MACRO__LIGHTCYAN {_LIGHTCYAN = 0x3F15,};
enum MACRO__P_NOWAITO {_P_NOWAITO = 3,_P_DETACH = 4,};
enum MACRO_DBL_RADIX {DBL_RADIX = 2,DBL_ROUNDS = 1,};
enum MACRO_FILE_MODE {S_IFMT = -4096,S_IFDIR = 16384,S_IFCHR = 8192,S_IFREG = -32768,S_IREAD = 256,S_IWRITE = 128,S_IEXEC = 64,};
enum MACRO_P_NOWAITO {P_NOWAITO = 3,P_DETACH = 4,};
enum MACRO__GWRAPOFF {_GWRAPOFF = 0,_GWRAPON = 1,};
enum MACRO__LIGHTRED {_LIGHTRED = 0x153F,};
enum MACRO__MODE7OFF {_MODE7OFF = 0,_MODE7ON = 1,_MODE7HI = 2,};
enum MACRO__MODEFOFF {_MODEFOFF = 0,_MODEFOFFTOON = 1,_MODEFOFFTOHI = 2,};
enum MACRO__OVERFLOW {_OVERFLOW = 3,_UNDERFLOW = 4,};
enum MACRO__TEXTBW40 {_TEXTBW40 = 0,_TEXTC40 = 1,_TEXTBW80 = 2,};
enum MACRO__TEXTMONO {_TEXTMONO = 7,_HERCMONO = 8,};
enum MACRO_OVERFLOW {OVERFLOW = 3,UNDERFLOW = 4,};
enum MACRO__GBORDER {_GBORDER = 2,};
enum MACRO__GPRESET {_GPRESET = 2,};
enum MACRO__HARDERR {_HARDERR_IGNORE = 0,_HARDERR_RETRY = 1,_HARDERR_ABORT = 2,_HARDERR_FAIL = 3,};
enum MACRO__HEAPEND {_HEAPEND = -5,};
enum MACRO__MAGENTA {_MAGENTA = 0x2A,};
enum MACRO__NKEYBRD {_NKEYBRD_READ = 0x10,_NKEYBRD_READY = 0x11,_NKEYBRD_SHIFTSTATUS = 0x12,};
enum MACRO__NULLSEG {_NULLSEG = 0,_NULLOFF = -1,};
enum MACRO__PRINTER {_PRINTER_WRITE = 0,_PRINTER_INIT = 1,_PRINTER_STATUS = 2,};
enum MACRO__TEXTC80 {_TEXTC80 = 3,_MRES4COLOR = 4,};
enum MACRO_DOS_MAX {SCHAR_MAX = 127,UCHAR_MAX = 255,CHAR_MAX = 127,MB_LEN_MAX = 2,SHRT_MAX = 32767,USHRT_MAX = -1,INT_MAX = 32767,UINT_MAX = -1,LONG_MAX = -1,ULONG_MAX = -1,FILENAME_MAX = 128,FOPEN_MAX = 18,TMP_MAX = 32767,RAND_MAX = 32767,};
enum MACRO__ANALOG {_ANALOG = 0x18,};
enum MACRO__DOMAIN {_DOMAIN = 1,_SING = 2,};
enum MACRO__HEAPOK {_HEAPOK = -2,};
enum MACRO__HRESBW {_HRESBW = 6,};
enum MACRO__IOREAD {_IOREAD = 0x1,_IOWRT = 0x2,};
enum MACRO__KEYBRD {_KEYBRD_READ = 0,_KEYBRD_READY = 1,_KEYBRD_SHIFTSTATUS = 2,};
enum MACRO__MCW_IC {_MCW_IC = 0x1000,};
enum MACRO__MCW_PC {_MCW_PC = 0x300,};
enum MACRO__MCW_RC {_MCW_RC = 0xC00,};
enum MACRO__YELLOW {_YELLOW = 0x3F3F,};
typedef struct _92231A9D73296187DBEF5930036406A4 _paletteentry;
enum MACRO_BUFSIZ {BUFSIZ = 512,};
enum MACRO_CLOCKS {CLOCKS_PER_SEC = 1000,};
enum MACRO_DOMAIN {DOMAIN = 1,SING = 2,};
enum MACRO_DOS_CW {CW_DEFAULT = 4914,};
enum MACRO_DOS_EM {EM_INVALID = 1,EM_DENORMAL = 2,EM_ZERODIVIDE = 4,EM_OVERFLOW = 8,EM_UNDERFLOW = 16,EM_INEXACT = 32,};
enum MACRO_DOS_LC {LC_ALL = 0,LC_COLLATE = 1,LC_CTYPE = 2,LC_MONETARY = 3,LC_NUMERIC = 4,LC_TIME = 5,LC_MIN = 0,LC_MAX = 5,};
enum MACRO_DOS_PC {PC_24 = 0,PC_53 = 512,PC_64 = 768,};
enum MACRO_DOS_RC {RC_CHOP = 3072,RC_UP = 2048,RC_DOWN = 1024,RC_NEAR = 0,};
enum MACRO_DOS_SW {SW_INVALID = 1,SW_DENORMAL = 2,SW_ZERODIVIDE = 4,SW_OVERFLOW = 8,SW_UNDERFLOW = 16,SW_INEXACT = 32,SW_UNEMULATED = 64,SW_SQRTNEG = 128,SW_STACKOVERFLOW = 512,SW_STACKUNDERFLOW = 1024,};
enum MACRO_MCW_RC {MCW_RC = 3072,MCW_PC = 768,};
enum MACRO_SIGNAL {SIGINT = 2,SIGILL = 4,SIGFPE = 8,SIGSEGV = 11,SIGTERM = 15,SIGABRT = 22,};
enum MACRO__BLACK {_BLACK = 0x0,_BLUE = 0x0,};
enum MACRO__BROWN {_BROWN = 0x152A,};
enum MACRO__GPSET {_GPSET = 3,};
enum MACRO__GREEN {_GREEN = 0x2A00,};
enum MACRO__IOFBF {_IOFBF = 0x0,_IOLBF = 0x40,};
enum MACRO__IONBF {_IONBF = 0x4,_IOMYBUF = 0x8,_IOEOF = 0x10,_IOERR = 0x20,_IOSTRG = 0x40,_IORW = 0x80,};
enum MACRO__JBLEN {_JBLEN = 9,};
enum MACRO__NFILE {_NFILE = 20,};
enum MACRO__PLOSS {_PLOSS = 6,};
enum MACRO__TLOSS {_TLOSS = 5,};
enum MACRO__UPPER {_UPPER = 0x1,_LOWER = 0x2,_DIGIT = 0x4,_SPACE = 0x8,_PUNCT = 0x10,_CONTROL = 0x20,_BLANK = 0x40,_HEX = 0x80,};
enum MACRO__WHITE {_WHITE = 0x2A2A,};
struct _videoconfig {int numxpixels;int numypixels;int numtextcols;int numtextrows;int numcolors;int bitsperpixel;int numvideopages;int mode;int adapter;int monitor;int memory;};
typedef int sig_atomic_t;
enum MACRO_ERRNO {EZERO = 0,EPERM = 1,ENOENT = 2,ESRCH = 3,EINTR = 4,EIO = 5,ENXIO = 6,E2BIG = 7,ENOEXEC = 8,EBADF = 9,ECHILD = 10,EAGAIN = 11,ENOMEM = 12,EACCES = 13,EFAULT = 14,ENOTBLK = 15,EBUSY = 16,EEXIST = 17,EXDEV = 18,ENODEV = 19,ENOTDIR = 20,EISDIR = 21,EINVAL = 22,ENFILE = 23,EMFILE = 24,ENOTTY = 25,ETXTBSY = 26,EFBIG = 27,ENOSPC = 28,ESPIPE = 29,EROFS = 30,EMLINK = 31,EPIPE = 32,EDOM = 33,ERANGE = 34,EUCLEAN = 35,EDEADLOCK = 36,};
enum MACRO_PLOSS {PLOSS = 6,};
enum MACRO_TLOSS {TLOSS = 5,};
enum MACRO__CYAN {_CYAN = 0x2A00,};
enum MACRO__DISK {_DISK_RESET = 0,_DISK_STATUS = 1,_DISK_READ = 2,_DISK_WRITE = 3,_DISK_VERIFY = 4,_DISK_FORMAT = 5,};
enum MACRO__GAND {_GAND = 1,};
enum MACRO__GRAY {_GRAY = 0x1515,};
enum MACRO__GROK {_GROK = 0,_GRERROR = -1,};
enum MACRO__HEAP {_HEAP_MAXREQ = 0xFFE8,};
enum MACRO__LDBL {_LDBL_RADIX = 2,_LDBL_ROUNDS = 1,};
enum MACRO__MDPA {_MDPA = 0x1,_CGA = 0x2,_EGA = 0x4,_VGA = 0x8,_MCGA = 0x10,_HGC = 0x20,_OCGA = 0x42,};
enum MACRO__MONO {_MONO = 0x1,_COLOR = 0x2,_ENHCOLOR = 0x4,_ANALOGMONO = 0x8,_ANALOGCOLOR = 0x10,};
enum MACRO__OEGA {_OEGA = 0x44,};
enum MACRO__OVGA {_OVGA = 0x48,};
enum MACRO__SVGA {_SVGA = 0x88,};
enum MACRO__TIME {_TIME_GETCLOCK = 0,_TIME_SETCLOCK = 1,};
struct _diskfree_t {unsigned int total_clusters;unsigned int avail_clusters;unsigned int sectors_per_cluster;unsigned int bytes_per_sector;};
struct _diskinfo_t {unsigned int drive;unsigned int head;unsigned int track;unsigned int sector;unsigned int nsectors;void *buffer;};
struct _exceptionl {int type;char *name;long double arg1;long double arg2;long double retval;};
typedef struct _95C3CB16824D66B4D3D3A1F25D6CE7B3 _legendtype;
typedef struct _49112922E8D3FA36A9D9A6626290371D _windowtype;
enum MACRO_CHAR {CHAR_BIT = 8,};
enum MACRO_EXIT {EXIT_SUCCESS = 0,EXIT_FAILURE = 1,};
enum MACRO_LDBL {LDBL_DIG = 18,LDBL_MANT_DIG = 64,LDBL_MAX_10_EXP = 4932,LDBL_MAX_EXP = 16384,LDBL_MIN_10_EXP = -4931,LDBL_MIN_EXP = -16381,};
enum MACRO_MODE {_DOS_MODE = 0,_OS2_MODE = 1,_WIN_MODE = 2,_REAL_MODE = 0,_PROT_MODE = 1,DOS_MODE = 0,OS2_MODE = 1,};
enum MACRO_NSIG {NSIG = 23,};
enum MACRO_NULL {NULL = 0,};
enum MACRO_SEEK {SEEK_CUR = 1,SEEK_END = 2,SEEK_SET = 0,};
enum MACRO__COM {_COM_INIT = 0,_COM_SEND = 1,_COM_RECEIVE = 2,_COM_STATUS = 3,_COM_CHR7 = 2,_COM_CHR8 = 3,_COM_STOP1 = 0,_COM_STOP2 = 4,_COM_NOPARITY = 0,_COM_ODDPARITY = 8,_COM_EVENPARITY = 24,_COM_110 = 0,_COM_150 = 32,_COM_300 = 64,_COM_600 = 96,_COM_1200 = 128,_COM_2400 = 160,_COM_4800 = 192,_COM_9600 = 224,};
enum MACRO__DBL {_DBL_RADIX = 2,_DBL_ROUNDS = 1,};
enum MACRO__FPE {_FPE_INVALID = 0x81,_FPE_DENORMAL = 0x82,_FPE_ZERODIVIDE = 0x83,_FPE_OVERFLOW = 0x84,_FPE_UNDERFLOW = 0x85,_FPE_INEXACT = 0x86,_FPE_UNEMULATED = 0x87,_FPE_SQRTNEG = 0x88,_FPE_STACKOVERFLOW = 0x8A,_FPE_STACKUNDERFLOW = 0x8B,_FPE_EXPLICITGEN = 0x8C,};
enum MACRO__GOR {_GOR = 0,_GXOR = 4,};
enum MACRO__MAX {_MAX_PATH = 260,_MAX_DRIVE = 3,_MAX_DIR = 256,_MAX_FNAME = 256,_MAX_EXT = 256,};
enum MACRO__MCW {_MCW_EM = 0x3F,};
enum MACRO__OLD {_OLD_P_OVERLAY = 2,};
enum MACRO__RED {_RED = 0x2A,};
enum MACRO__SYS {_SYS_OPEN = 20,};
struct _dosdate_t {unsigned char day;unsigned char month;unsigned int year;unsigned char dayofweek;};
struct _dostime_t {unsigned char hour;unsigned char minute;unsigned char second;unsigned char hsecond;};
struct _exception {int type;char *name;double arg1;double arg2;double retval;};
typedef int (*_fonexit_t)();
typedef struct _5D287BBCEE976282B532DF578B48FE30 _titletype;
enum MACRO_CLK {CLK_TCK = 1000,};
enum MACRO_DBL {DBL_DIG = 15,DBL_MANT_DIG = 53,DBL_MAX_10_EXP = 308,DBL_MAX_EXP = 1024,DBL_MIN_10_EXP = -307,DBL_MIN_EXP = -1021,};
enum MACRO_EOF {EOF = -1,};
enum MACRO_FLT {FLT_DIG = 6,FLT_GUARD = 0,FLT_MANT_DIG = 24,FLT_MAX_10_EXP = 38,FLT_MAX_EXP = 128,FLT_MIN_10_EXP = -37,FLT_MIN_EXP = -125,FLT_NORMALIZE = 0,FLT_RADIX = 2,FLT_ROUNDS = 1,};
enum MACRO_FPE {FPE_INVALID = 129,FPE_DENORMAL = 130,FPE_ZERODIVIDE = 131,FPE_OVERFLOW = 132,FPE_UNDERFLOW = 133,FPE_INEXACT = 134,FPE_UNEMULATED = 135,FPE_SQRTNEG = 136,FPE_STACKOVERFLOW = 138,FPE_STACKUNDERFLOW = 139,FPE_EXPLICITGEN = 140,};
enum MACRO_MCW {MCW_EM = 63,MCW_IC = 4096,};
enum MACRO_MIN {SCHAR_MIN = -127,CHAR_MIN = -127,SHRT_MIN = -32767,INT_MIN = -32767,LONG_MIN = 1,};
enum MACRO_OLD {OLD_P_OVERLAY = 2,};
enum MACRO_SYS {SYS_OPEN = 20,};
enum MACRO__CW {_CW_DEFAULT = 4914,};
enum MACRO__EM {_EM_INVALID = 0x1,_EM_DENORMAL = 0x2,_EM_ZERODIVIDE = 0x4,_EM_OVERFLOW = 0x8,_EM_UNDERFLOW = 0x10,_EM_INEXACT = 0x20,};
enum MACRO__IC {_IC_AFFINE = 0x1000,_IC_PROJECTIVE = 0x0,};
enum MACRO__LK {_LK_UNLCK = 0,_LK_LOCK = 1,_LK_NBLCK = 2,_LK_RLCK = 3,_LK_NBRLCK = 4,};
enum MACRO__PC {_PC_24 = 0x0,_PC_53 = 0x200,_PC_64 = 0x300,};
enum MACRO__PG {_PG_PALETTELEN = 16,_PG_MAXCHARTTYPE = 5,_PG_MAXCHARTSTYLE = 2,_PG_TITLELEN = 70,_PG_LEFT = 1,_PG_CENTER = 2,_PG_RIGHT = 3,_PG_BOTTOM = 4,_PG_OVERLAY = 5,_PG_LINEARAXIS = 1,_PG_LOGAXIS = 2,_PG_DECFORMAT = 1,_PG_EXPFORMAT = 2,_PG_BARCHART = 1,_PG_COLUMNCHART = 2,_PG_PLAINBARS = 1,_PG_STACKEDBARS = 2,_PG_LINECHART = 3,_PG_SCATTERCHART = 4,_PG_POINTANDLINE = 1,_PG_POINTONLY = 2,_PG_PIECHART = 5,_PG_PERCENT = 1,_PG_NOPERCENT = 2,_PG_NOTINITIALIZED = 102,_PG_BADSCREENMODE = 103,_PG_BADCHARTSTYLE = 4,_PG_BADCHARTTYPE = 104,_PG_BADLEGENDWINDOW = 105,_PG_BADCHARTWINDOW = 7,_PG_BADDATAWINDOW = 107,_PG_NOMEMORY = 108,_PG_BADLOGBASE = 5,_PG_BADSCALEFACTOR = 6,_PG_TOOSMALLN = 109,_PG_TOOFEWSERIES = 110,};
enum MACRO__RC {_RC_CHOP = 0xC00,_RC_UP = 0x800,_RC_DOWN = 0x400,_RC_NEAR = 0x0,};
enum MACRO__SH {_SH_COMPAT = 0x0,_SH_DENYRW = 0x10,_SH_DENYWR = 0x20,_SH_DENYRD = 0x30,_SH_DENYNO = 0x40,};
enum MACRO__SW {_SW_INVALID = 0x1,_SW_DENORMAL = 0x2,_SW_ZERODIVIDE = 0x4,_SW_OVERFLOW = 0x8,_SW_UNDERFLOW = 0x10,_SW_INEXACT = 0x20,_SW_UNEMULATED = 0x40,_SW_SQRTNEG = 0x80,_SW_STACKOVERFLOW = 0x200,_SW_STACKUNDERFLOW = 0x400,};
enum MACRO__VM {_VM_NULL = 0,_VM_ALLDOS = 0,_VM_EMS = 1,_VM_XMS = 2,_VM_DISK = 4,_VM_ALLSWAP = 7,_VM_CLEAN = 0,_VM_DIRTY = 1,};
struct _BYTEREGS {unsigned char al;unsigned char ah;unsigned char bl;unsigned char bh;unsigned char cl;unsigned char ch;unsigned char dl;unsigned char dh;};
struct _DOSERROR {int exterror;char errclass;char action;char locus;};
typedef struct _heapinfo _HEAPINFO;
struct _WORDREGS {unsigned int ax;unsigned int bx;unsigned int cx;unsigned int dx;unsigned int si;unsigned int di;unsigned int cflag;};
typedef unsigned int __segment;
typedef struct _708EB2C8D47456B2C174260C174C4FAC _axistype;
typedef struct _F8345695F188CA62739CDC0353D986D0 _chartenv;
struct _complexl {long double x;long double y;};
struct _fontinfo {int type;int ascent;int pixwidth;int pixheight;int avgwidth;char filename[81];char facename[32];};
typedef int (*_onexit_t)();
typedef unsigned int _styleset[16];
struct _wxycoord {double wx;double wy;};
typedef int ptrdiff_t;
struct BYTEREGS {unsigned char al;unsigned char ah;unsigned char bl;unsigned char bh;unsigned char cl;unsigned char ch;unsigned char dl;unsigned char dh;};
struct DOSERROR {int exterror;char c_class;char action;char locus;};
enum MACRO_IC {IC_AFFINE = 4096,IC_PROJECTIVE = 0,};
enum MACRO_LK {LK_UNLCK = 0,LK_LOCK = 1,LK_NBLCK = 2,LK_RLCK = 3,LK_NBRLCK = 4,};
enum MACRO_SH {SH_COMPAT = 0,SH_DENYRW = 16,SH_DENYWR = 32,SH_DENYRD = 48,SH_DENYNO = 64,};
enum MACRO__A {_A_NORMAL = 0x0,_A_RDONLY = 0x1,_A_HIDDEN = 0x2,_A_SYSTEM = 0x4,_A_VOLID = 0x8,_A_SUBDIR = 0x10,_A_ARCH = 0x20,};
enum MACRO__O {_O_RDONLY = 0x0,_O_WRONLY = 0x1,_O_RDWR = 0x2,_O_APPEND = 0x8,_O_CREAT = 0x100,_O_TRUNC = 0x200,_O_EXCL = 0x400,_O_TEXT = 0x4000,_O_BINARY = 0x8000,_O_RAW = 0x8000,_O_NOINHERIT = 0x80,};
enum MACRO__P {_P_WAIT = 0,_P_NOWAIT = 1,};
enum MACRO__S {_S_IFMT = 0xF000,_S_IFDIR = 0x4000,_S_IFCHR = 0x2000,_S_IFREG = 0x8000,_S_IREAD = 0x100,_S_IWRITE = 0x80,_S_IEXEC = 0x40,};
struct WORDREGS {unsigned int ax;unsigned int bx;unsigned int cx;unsigned int dx;unsigned int si;unsigned int di;unsigned int cflag;};
typedef unsigned char _charmap[8];
struct _complex {double x;double y;};
typedef unsigned char _fillmap[8];
struct _rccoord {int row;int col;};
typedef unsigned int _vmhnd_t;
struct _xycoord {int xcoord;int ycoord;};
typedef int (*onexit_t)();
enum MACRO_O {O_RDONLY = 0,O_WRONLY = 1,O_RDWR = 2,O_APPEND = 8,O_CREAT = 256,O_TRUNC = 512,O_EXCL = 1024,O_TEXT = 16384,O_BINARY = -32768,O_NOINHERIT = 128,};
enum MACRO_P {P_WAIT = 0,P_NOWAIT = 1,};
struct _find_t {char reserved[21];char attrib;unsigned int wr_time;unsigned int wr_date;int size;char name[13];};
struct _ldiv_t {int quot;int rem;};
typedef int clock_t;
struct complex {double x;double y;};
typedef int jmp_buf[9];
/// #define wchar_t  unsigned int ===DEFINED
struct _SREGS {unsigned int es;unsigned int cs;unsigned int ss;unsigned int ds;};
typedef int _dev_t;
struct _div_t {int quot;int rem;};
typedef unsigned int _ino_t;
struct _iobuf {char *_ptr;int _cnt;char *_base;char _flag;char _file;};
typedef int _off_t;
typedef int fpos_t;
typedef struct _ldiv_t ldiv_t;
typedef unsigned int size_t;
typedef unsigned int time_t;
struct SREGS {unsigned int es;unsigned int cs;unsigned int ss;unsigned int ds;};
typedef int dev_t;
typedef struct _div_t div_t;
typedef unsigned int ino_t;
struct lconv {char *decimal_point;char *thousands_sep;char *grouping;char *int_curr_symbol;char *currency_symbol;char *mon_decimal_point;char *mon_thousands_sep;char *mon_grouping;char *positive_sign;char *negative_sign;char int_frac_digits;char frac_digits;char p_cs_precedes;char p_sep_by_space;char n_cs_precedes;char n_sep_by_space;char p_sign_posn;char n_sign_posn;};
typedef int off_t;
typedef struct _iobuf FILE;
struct tm {int tm_sec;int tm_min;int tm_hour;int tm_mday;int tm_mon;int tm_year;int tm_wday;int tm_yday;int tm_isdst;};
struct _708EB2C8D47456B2C174260C174C4FAC {int grid;int gridstyle;_titletype axistitle;int axiscolor;int labeled;int rangetype;float logbase;int autoscale;float scalemin;float scalemax;float scalefactor;_titletype scaletitle;float ticinterval;int ticformat;int ticdecimals;};
struct _92231A9D73296187DBEF5930036406A4 {unsigned int color;unsigned int style;_fillmap fill;char plotchar;};
struct _95C3CB16824D66B4D3D3A1F25D6CE7B3 {int legend;int place;int textcolor;int autosize;_windowtype legendwindow;};
typedef _paletteentry _palettetype[16];
struct _heapinfo {int *_pentry;size_t _size;int _useflag;};
struct _utimbuf {time_t actime;time_t modtime;};
struct utimbuf {time_t actime;time_t modtime;};
struct _timeb {time_t time;unsigned int millitm;int timezone;int dstflag;};
struct timeb {time_t time;unsigned int millitm;int timezone;int dstflag;};
union _REGS {struct _WORDREGS x;struct _BYTEREGS h;};
union REGS {struct WORDREGS x;struct BYTEREGS h;};
struct _F8345695F188CA62739CDC0353D986D0 {int charttype;int chartstyle;_windowtype chartwindow;_windowtype datawindow;_titletype maintitle;_titletype subtitle;_axistype xaxis;_axistype yaxis;_legendtype legend;};
struct _stat {_dev_t st_dev;_ino_t st_ino;unsigned int st_mode;int st_nlink;int st_uid;int st_gid;_dev_t st_rdev;_off_t st_size;time_t st_atime;time_t st_mtime;time_t st_ctime;};
struct stat {_dev_t st_dev;_ino_t st_ino;unsigned int st_mode;int st_nlink;int st_uid;int st_gid;_dev_t st_rdev;_off_t st_size;time_t st_atime;time_t st_mtime;time_t st_ctime;};



/// #endif ===true


